[0m[[0m[0mdebug[0m] [0m[0m> Exec(test, Some(4028cd55-dae3-44a4-a1d6-24765723a205), Some(CommandSource(console0)))[0m
[0m[[0m[0mdebug[0m] [0m[0mEvaluating tasks: Test / test[0m
[0m[[0m[0mdebug[0m] [0m[0mRunning task... Cancel: Signal, check cycles: false, forcegc: true[0m
[0m[[0m[0minfo[0m] [0m[0mcompiling 6 Scala sources to C:\Users\daniy\Desktop\chiselll\target\scala-2.12\classes ...[0m
[0m[[0m[0minfo[0m] [0m[0mNon-compiled module 'compiler-bridge_2.12' for Scala 2.12.12. Compiling...[0m
[0m[[0m[0minfo[0m] [0m[0m  Compilation completed in 17.284s.[0m
[0m[[0m[31merror[0m] [0m[0mC:\Users\daniy\Desktop\chiselll\src\main\scala\gcd\DecoupledGCD.scala:5:8: not found: object chisel3[0m
[0m[[0m[31merror[0m] [0m[0mimport chisel3._[0m
[0m[[0m[31merror[0m] [0m[0m       ^[0m
[0m[[0m[31merror[0m] [0m[0mC:\Users\daniy\Desktop\chiselll\src\main\scala\gcd\DecoupledGCD.scala:6:8: not found: object chisel3[0m
[0m[[0m[31merror[0m] [0m[0mimport chisel3.util.Decoupled[0m
[0m[[0m[31merror[0m] [0m[0m       ^[0m
[0m[[0m[31merror[0m] [0m[0mC:\Users\daniy\Desktop\chiselll\src\main\scala\gcd\DecoupledGCD.scala:8:42: not found: type Bundle[0m
[0m[[0m[31merror[0m] [0m[0mclass GcdInputBundle(val w: Int) extends Bundle {[0m
[0m[[0m[31merror[0m] [0m[0m                                         ^[0m
[0m[[0m[31merror[0m] [0m[0mC:\Users\daniy\Desktop\chiselll\src\main\scala\gcd\DecoupledGCD.scala:9:16: not found: value UInt[0m
[0m[[0m[31merror[0m] [0m[0m  val value1 = UInt(w.W)[0m
[0m[[0m[31merror[0m] [0m[0m               ^[0m
[0m[[0m[31merror[0m] [0m[0mC:\Users\daniy\Desktop\chiselll\src\main\scala\gcd\DecoupledGCD.scala:9:23: value W is not a member of Int[0m
[0m[[0m[31merror[0m] [0m[0m  val value1 = UInt(w.W)[0m
[0m[[0m[31merror[0m] [0m[0m                      ^[0m
[0m[[0m[31merror[0m] [0m[0mC:\Users\daniy\Desktop\chiselll\src\main\scala\gcd\DecoupledGCD.scala:10:16: not found: value UInt[0m
[0m[[0m[31merror[0m] [0m[0m  val value2 = UInt(w.W)[0m
[0m[[0m[31merror[0m] [0m[0m               ^[0m
[0m[[0m[31merror[0m] [0m[0mC:\Users\daniy\Desktop\chiselll\src\main\scala\gcd\DecoupledGCD.scala:10:23: value W is not a member of Int[0m
[0m[[0m[31merror[0m] [0m[0m  val value2 = UInt(w.W)[0m
[0m[[0m[31merror[0m] [0m[0m                      ^[0m
[0m[[0m[31merror[0m] [0m[0mC:\Users\daniy\Desktop\chiselll\src\main\scala\gcd\DecoupledGCD.scala:13:43: not found: type Bundle[0m
[0m[[0m[31merror[0m] [0m[0mclass GcdOutputBundle(val w: Int) extends Bundle {[0m
[0m[[0m[31merror[0m] [0m[0m                                          ^[0m
[0m[[0m[31merror[0m] [0m[0mC:\Users\daniy\Desktop\chiselll\src\main\scala\gcd\DecoupledGCD.scala:14:16: not found: value UInt[0m
[0m[[0m[31merror[0m] [0m[0m  val value1 = UInt(w.W)[0m
[0m[[0m[31merror[0m] [0m[0m               ^[0m
[0m[[0m[31merror[0m] [0m[0mC:\Users\daniy\Desktop\chiselll\src\main\scala\gcd\DecoupledGCD.scala:14:23: value W is not a member of Int[0m
[0m[[0m[31merror[0m] [0m[0m  val value1 = UInt(w.W)[0m
[0m[[0m[31merror[0m] [0m[0m                      ^[0m
[0m[[0m[31merror[0m] [0m[0mC:\Users\daniy\Desktop\chiselll\src\main\scala\gcd\DecoupledGCD.scala:15:16: not found: value UInt[0m
[0m[[0m[31merror[0m] [0m[0m  val value2 = UInt(w.W)[0m
[0m[[0m[31merror[0m] [0m[0m               ^[0m
[0m[[0m[31merror[0m] [0m[0mC:\Users\daniy\Desktop\chiselll\src\main\scala\gcd\DecoupledGCD.scala:15:23: value W is not a member of Int[0m
[0m[[0m[31merror[0m] [0m[0m  val value2 = UInt(w.W)[0m
[0m[[0m[31merror[0m] [0m[0m                      ^[0m
[0m[[0m[31merror[0m] [0m[0mC:\Users\daniy\Desktop\chiselll\src\main\scala\gcd\DecoupledGCD.scala:16:16: not found: value UInt[0m
[0m[[0m[31merror[0m] [0m[0m  val gcd    = UInt(w.W)[0m
[0m[[0m[31merror[0m] [0m[0m               ^[0m
[0m[[0m[31merror[0m] [0m[0mC:\Users\daniy\Desktop\chiselll\src\main\scala\gcd\DecoupledGCD.scala:16:23: value W is not a member of Int[0m
[0m[[0m[31merror[0m] [0m[0m  val gcd    = UInt(w.W)[0m
[0m[[0m[31merror[0m] [0m[0m                      ^[0m
[0m[[0m[31merror[0m] [0m[0mC:\Users\daniy\Desktop\chiselll\src\main\scala\gcd\DecoupledGCD.scala:26:40: not found: type MultiIOModule[0m
[0m[[0m[31merror[0m] [0m[0mclass DecoupledGcd(width: Int) extends MultiIOModule {[0m
[0m[[0m[31merror[0m] [0m[0m                                       ^[0m
[0m[[0m[31merror[0m] [0m[0mC:\Users\daniy\Desktop\chiselll\src\main\scala\gcd\DecoupledGCD.scala:27:15: not found: value IO[0m
[0m[[0m[31merror[0m] [0m[0m  val input = IO(Flipped(Decoupled(new GcdInputBundle(width))))[0m
[0m[[0m[31merror[0m] [0m[0m              ^[0m
[0m[[0m[31merror[0m] [0m[0mC:\Users\daniy\Desktop\chiselll\src\main\scala\gcd\DecoupledGCD.scala:27:18: not found: value Flipped[0m
[0m[[0m[31merror[0m] [0m[0m  val input = IO(Flipped(Decoupled(new GcdInputBundle(width))))[0m
[0m[[0m[31merror[0m] [0m[0m                 ^[0m
[0m[[0m[31merror[0m] [0m[0mC:\Users\daniy\Desktop\chiselll\src\main\scala\gcd\DecoupledGCD.scala:27:26: not found: value Decoupled[0m
[0m[[0m[31merror[0m] [0m[0m  val input = IO(Flipped(Decoupled(new GcdInputBundle(width))))[0m
[0m[[0m[31merror[0m] [0m[0m                         ^[0m
[0m[[0m[31merror[0m] [0m[0mC:\Users\daniy\Desktop\chiselll\src\main\scala\gcd\DecoupledGCD.scala:28:16: not found: value IO[0m
[0m[[0m[31merror[0m] [0m[0m  val output = IO(Decoupled(new GcdOutputBundle(width)))[0m
[0m[[0m[31merror[0m] [0m[0m               ^[0m
[0m[[0m[31merror[0m] [0m[0mC:\Users\daniy\Desktop\chiselll\src\main\scala\gcd\DecoupledGCD.scala:28:19: not found: value Decoupled[0m
[0m[[0m[31merror[0m] [0m[0m  val output = IO(Decoupled(new GcdOutputBundle(width)))[0m
[0m[[0m[31merror[0m] [0m[0m                  ^[0m
[0m[[0m[31merror[0m] [0m[0mC:\Users\daniy\Desktop\chiselll\src\main\scala\gcd\DecoupledGCD.scala:30:21: not found: value Reg[0m
[0m[[0m[31merror[0m] [0m[0m  val xInitial    = Reg(UInt())[0m
[0m[[0m[31merror[0m] [0m[0m                    ^[0m
[0m[[0m[31merror[0m] [0m[0mC:\Users\daniy\Desktop\chiselll\src\main\scala\gcd\DecoupledGCD.scala:30:25: not found: value UInt[0m
[0m[[0m[31merror[0m] [0m[0m  val xInitial    = Reg(UInt())[0m
[0m[[0m[31merror[0m] [0m[0m                        ^[0m
[0m[[0m[31merror[0m] [0m[0mC:\Users\daniy\Desktop\chiselll\src\main\scala\gcd\DecoupledGCD.scala:31:21: not found: value Reg[0m
[0m[[0m[31merror[0m] [0m[0m  val yInitial    = Reg(UInt())[0m
[0m[[0m[31merror[0m] [0m[0m                    ^[0m
[0m[[0m[31merror[0m] [0m[0mC:\Users\daniy\Desktop\chiselll\src\main\scala\gcd\DecoupledGCD.scala:31:25: not found: value UInt[0m
[0m[[0m[31merror[0m] [0m[0m  val yInitial    = Reg(UInt())[0m
[0m[[0m[31merror[0m] [0m[0m                        ^[0m
[0m[[0m[31merror[0m] [0m[0mC:\Users\daniy\Desktop\chiselll\src\main\scala\gcd\DecoupledGCD.scala:32:21: not found: value Reg[0m
[0m[[0m[31merror[0m] [0m[0m  val x           = Reg(UInt())[0m
[0m[[0m[31merror[0m] [0m[0m                    ^[0m
[0m[[0m[31merror[0m] [0m[0mC:\Users\daniy\Desktop\chiselll\src\main\scala\gcd\DecoupledGCD.scala:32:25: not found: value UInt[0m
[0m[[0m[31merror[0m] [0m[0m  val x           = Reg(UInt())[0m
[0m[[0m[31merror[0m] [0m[0m                        ^[0m
[0m[[0m[31merror[0m] [0m[0mC:\Users\daniy\Desktop\chiselll\src\main\scala\gcd\DecoupledGCD.scala:33:21: not found: value Reg[0m
[0m[[0m[31merror[0m] [0m[0m  val y           = Reg(UInt())[0m
[0m[[0m[31merror[0m] [0m[0m                    ^[0m
[0m[[0m[31merror[0m] [0m[0mC:\Users\daniy\Desktop\chiselll\src\main\scala\gcd\DecoupledGCD.scala:33:25: not found: value UInt[0m
[0m[[0m[31merror[0m] [0m[0m  val y           = Reg(UInt())[0m
[0m[[0m[31merror[0m] [0m[0m                        ^[0m
[0m[[0m[31merror[0m] [0m[0mC:\Users\daniy\Desktop\chiselll\src\main\scala\gcd\DecoupledGCD.scala:34:21: not found: value RegInit[0m
[0m[[0m[31merror[0m] [0m[0m  val busy        = RegInit(false.B)[0m
[0m[[0m[31merror[0m] [0m[0m                    ^[0m
[0m[[0m[31merror[0m] [0m[0mC:\Users\daniy\Desktop\chiselll\src\main\scala\gcd\DecoupledGCD.scala:34:35: value B is not a member of Boolean[0m
[0m[[0m[31merror[0m] [0m[0m  val busy        = RegInit(false.B)[0m
[0m[[0m[31merror[0m] [0m[0m                                  ^[0m
[0m[[0m[31merror[0m] [0m[0mC:\Users\daniy\Desktop\chiselll\src\main\scala\gcd\DecoupledGCD.scala:35:21: not found: value RegInit[0m
[0m[[0m[31merror[0m] [0m[0m  val resultValid = RegInit(false.B)[0m
[0m[[0m[31merror[0m] [0m[0m                    ^[0m
[0m[[0m[31merror[0m] [0m[0mC:\Users\daniy\Desktop\chiselll\src\main\scala\gcd\DecoupledGCD.scala:35:35: value B is not a member of Boolean[0m
[0m[[0m[31merror[0m] [0m[0m  val resultValid = RegInit(false.B)[0m
[0m[[0m[31merror[0m] [0m[0m                                  ^[0m
[0m[[0m[31merror[0m] [0m[0mC:\Users\daniy\Desktop\chiselll\src\main\scala\gcd\DecoupledGCD.scala:41:3: not found: value when[0m
[0m[[0m[31merror[0m] [0m[0m  when(busy)  {[0m
[0m[[0m[31merror[0m] [0m[0m  ^[0m
[0m[[0m[31merror[0m] [0m[0mC:\Users\daniy\Desktop\chiselll\src\main\scala\gcd\DecoupledGCD.scala:42:5: not found: value when[0m
[0m[[0m[31merror[0m] [0m[0m    when(x > y) {[0m
[0m[[0m[31merror[0m] [0m[0m    ^[0m
[0m[[0m[31merror[0m] [0m[0mC:\Users\daniy\Desktop\chiselll\src\main\scala\gcd\DecoupledGCD.scala:47:5: not found: value when[0m
[0m[[0m[31merror[0m] [0m[0m    when(x === 0.U || y === 0.U) {[0m
[0m[[0m[31merror[0m] [0m[0m    ^[0m
[0m[[0m[31merror[0m] [0m[0mC:\Users\daniy\Desktop\chiselll\src\main\scala\gcd\DecoupledGCD.scala:48:7: not found: value when[0m
[0m[[0m[31merror[0m] [0m[0m      when(x === 0.U) {[0m
[0m[[0m[31merror[0m] [0m[0m      ^[0m
[0m[[0m[31merror[0m] [0m[0mC:\Users\daniy\Desktop\chiselll\src\main\scala\gcd\DecoupledGCD.scala:58:7: not found: value when[0m
[0m[[0m[31merror[0m] [0m[0m      when(output.ready && resultValid) {[0m
[0m[[0m[31merror[0m] [0m[0m      ^[0m
[0m[[0m[31merror[0m] [0m[0mC:\Users\daniy\Desktop\chiselll\src\main\scala\gcd\DecoupledGCD.scala:64:5: not found: value when[0m
[0m[[0m[31merror[0m] [0m[0m    when(input.valid) {[0m
[0m[[0m[31merror[0m] [0m[0m    ^[0m
[0m[[0m[31merror[0m] [0m[0mC:\Users\daniy\Desktop\chiselll\src\main\scala\gcd\GCD.scala:5:8: not found: object chisel3[0m
[0m[[0m[31merror[0m] [0m[0mimport chisel3._[0m
[0m[[0m[31merror[0m] [0m[0m       ^[0m
[0m[[0m[31merror[0m] [0m[0mC:\Users\daniy\Desktop\chiselll\src\main\scala\gcd\GCD.scala:12:19: illegal inheritance from final class Module[0m
[0m[[0m[31merror[0m] [0m[0mclass GCD extends Module {[0m
[0m[[0m[31merror[0m] [0m[0m                  ^[0m
[0m[[0m[31merror[0m] [0m[0mC:\Users\daniy\Desktop\chiselll\src\main\scala\gcd\GCD.scala:13:12: not found: value IO[0m
[0m[[0m[31merror[0m] [0m[0m  val io = IO(new Bundle {[0m
[0m[[0m[31merror[0m] [0m[0m           ^[0m
[0m[[0m[31merror[0m] [0m[0mC:\Users\daniy\Desktop\chiselll\src\main\scala\gcd\GCD.scala:13:19: not found: type Bundle[0m
[0m[[0m[31merror[0m] [0m[0m  val io = IO(new Bundle {[0m
[0m[[0m[31merror[0m] [0m[0m                  ^[0m
[0m[[0m[31merror[0m] [0m[0mC:\Users\daniy\Desktop\chiselll\src\main\scala\gcd\GCD.scala:14:25: not found: value Input[0m
[0m[[0m[31merror[0m] [0m[0m    val value1        = Input(UInt(16.W))[0m
[0m[[0m[31merror[0m] [0m[0m                        ^[0m
[0m[[0m[31merror[0m] [0m[0mC:\Users\daniy\Desktop\chiselll\src\main\scala\gcd\GCD.scala:14:31: not found: value UInt[0m
[0m[[0m[31merror[0m] [0m[0m    val value1        = Input(UInt(16.W))[0m
[0m[[0m[31merror[0m] [0m[0m                              ^[0m
[0m[[0m[31merror[0m] [0m[0mC:\Users\daniy\Desktop\chiselll\src\main\scala\gcd\GCD.scala:14:39: value W is not a member of Int[0m
[0m[[0m[31merror[0m] [0m[0m    val value1        = Input(UInt(16.W))[0m
[0m[[0m[31merror[0m] [0m[0m                                      ^[0m
[0m[[0m[31merror[0m] [0m[0mC:\Users\daniy\Desktop\chiselll\src\main\scala\gcd\GCD.scala:15:25: not found: value Input[0m
[0m[[0m[31merror[0m] [0m[0m    val value2        = Input(UInt(16.W))[0m
[0m[[0m[31merror[0m] [0m[0m                        ^[0m
[0m[[0m[31merror[0m] [0m[0mC:\Users\daniy\Desktop\chiselll\src\main\scala\gcd\GCD.scala:15:31: not found: value UInt[0m
[0m[[0m[31merror[0m] [0m[0m    val value2        = Input(UInt(16.W))[0m
[0m[[0m[31merror[0m] [0m[0m                              ^[0m
[0m[[0m[31merror[0m] [0m[0mC:\Users\daniy\Desktop\chiselll\src\main\scala\gcd\GCD.scala:15:39: value W is not a member of Int[0m
[0m[[0m[31merror[0m] [0m[0m    val value2        = Input(UInt(16.W))[0m
[0m[[0m[31merror[0m] [0m[0m                                      ^[0m
[0m[[0m[31merror[0m] [0m[0mC:\Users\daniy\Desktop\chiselll\src\main\scala\gcd\GCD.scala:16:25: not found: value Input[0m
[0m[[0m[31merror[0m] [0m[0m    val loadingValues = Input(Bool())[0m
[0m[[0m[31merror[0m] [0m[0m                        ^[0m
[0m[[0m[31merror[0m] [0m[0mC:\Users\daniy\Desktop\chiselll\src\main\scala\gcd\GCD.scala:16:31: not found: value Bool[0m
[0m[[0m[31merror[0m] [0m[0m    val loadingValues = Input(Bool())[0m
[0m[[0m[31merror[0m] [0m[0m                              ^[0m
[0m[[0m[31merror[0m] [0m[0mC:\Users\daniy\Desktop\chiselll\src\main\scala\gcd\GCD.scala:17:25: not found: value Output[0m
[0m[[0m[31merror[0m] [0m[0m    val outputGCD     = Output(UInt(16.W))[0m
[0m[[0m[31merror[0m] [0m[0m                        ^[0m
[0m[[0m[31merror[0m] [0m[0mC:\Users\daniy\Desktop\chiselll\src\main\scala\gcd\GCD.scala:17:32: not found: value UInt[0m
[0m[[0m[31merror[0m] [0m[0m    val outputGCD     = Output(UInt(16.W))[0m
[0m[[0m[31merror[0m] [0m[0m                               ^[0m
[0m[[0m[31merror[0m] [0m[0mC:\Users\daniy\Desktop\chiselll\src\main\scala\gcd\GCD.scala:17:40: value W is not a member of Int[0m
[0m[[0m[31merror[0m] [0m[0m    val outputGCD     = Output(UInt(16.W))[0m
[0m[[0m[31merror[0m] [0m[0m                                       ^[0m
[0m[[0m[31merror[0m] [0m[0mC:\Users\daniy\Desktop\chiselll\src\main\scala\gcd\GCD.scala:18:25: not found: value Output[0m
[0m[[0m[31merror[0m] [0m[0m    val outputValid   = Output(Bool())[0m
[0m[[0m[31merror[0m] [0m[0m                        ^[0m
[0m[[0m[31merror[0m] [0m[0mC:\Users\daniy\Desktop\chiselll\src\main\scala\gcd\GCD.scala:18:32: not found: value Bool[0m
[0m[[0m[31merror[0m] [0m[0m    val outputValid   = Output(Bool())[0m
[0m[[0m[31merror[0m] [0m[0m                               ^[0m
[0m[[0m[31merror[0m] [0m[0mC:\Users\daniy\Desktop\chiselll\src\main\scala\gcd\GCD.scala:21:12: not found: value Reg[0m
[0m[[0m[31merror[0m] [0m[0m  val x  = Reg(UInt())[0m
[0m[[0m[31merror[0m] [0m[0m           ^[0m
[0m[[0m[31merror[0m] [0m[0mC:\Users\daniy\Desktop\chiselll\src\main\scala\gcd\GCD.scala:21:16: not found: value UInt[0m
[0m[[0m[31merror[0m] [0m[0m  val x  = Reg(UInt())[0m
[0m[[0m[31merror[0m] [0m[0m               ^[0m
[0m[[0m[31merror[0m] [0m[0mC:\Users\daniy\Desktop\chiselll\src\main\scala\gcd\GCD.scala:22:12: not found: value Reg[0m
[0m[[0m[31merror[0m] [0m[0m  val y  = Reg(UInt())[0m
[0m[[0m[31merror[0m] [0m[0m           ^[0m
[0m[[0m[31merror[0m] [0m[0mC:\Users\daniy\Desktop\chiselll\src\main\scala\gcd\GCD.scala:22:16: not found: value UInt[0m
[0m[[0m[31merror[0m] [0m[0m  val y  = Reg(UInt())[0m
[0m[[0m[31merror[0m] [0m[0m               ^[0m
[0m[[0m[31merror[0m] [0m[0mC:\Users\daniy\Desktop\chiselll\src\main\scala\gcd\GCD.scala:24:3: not found: value when[0m
[0m[[0m[31merror[0m] [0m[0m  when(x > y) { x := x - y }[0m
[0m[[0m[31merror[0m] [0m[0m  ^[0m
[0m[[0m[31merror[0m] [0m[0mC:\Users\daniy\Desktop\chiselll\src\main\scala\gcd\GCD.scala:27:3: not found: value when[0m
[0m[[0m[31merror[0m] [0m[0m  when(io.loadingValues) {[0m
[0m[[0m[31merror[0m] [0m[0m  ^[0m
[0m[[0m[31merror[0m] [0m[0mC:\Users\daniy\Desktop\chiselll\src\main\scala\lab1\ResetCounter.scala:2:8: not found: object chisel3[0m
[0m[[0m[31merror[0m] [0m[0mimport chisel3 . _[0m
[0m[[0m[31merror[0m] [0m[0m       ^[0m
[0m[[0m[31merror[0m] [0m[0mC:\Users\daniy\Desktop\chiselll\src\main\scala\lab1\ResetCounter.scala:3:46: illegal inheritance from final class Module[0m
[0m[[0m[31merror[0m] [0m[0mclass Counter ( counterBits : UInt ) extends Module {[0m
[0m[[0m[31merror[0m] [0m[0m                                             ^[0m
[0m[[0m[31merror[0m] [0m[0mC:\Users\daniy\Desktop\chiselll\src\main\scala\lab1\ResetCounter.scala:3:31: not found: type UInt[0m
[0m[[0m[31merror[0m] [0m[0mclass Counter ( counterBits : UInt ) extends Module {[0m
[0m[[0m[31merror[0m] [0m[0m                              ^[0m
[0m[[0m[31merror[0m] [0m[0mC:\Users\daniy\Desktop\chiselll\src\main\scala\lab1\ResetCounter.scala:4:14: not found: value IO[0m
[0m[[0m[31merror[0m] [0m[0m    val io = IO ( new Bundle {[0m
[0m[[0m[31merror[0m] [0m[0m             ^[0m
[0m[[0m[31merror[0m] [0m[0mC:\Users\daniy\Desktop\chiselll\src\main\scala\lab1\ResetCounter.scala:4:23: not found: type Bundle[0m
[0m[[0m[31merror[0m] [0m[0m    val io = IO ( new Bundle {[0m
[0m[[0m[31merror[0m] [0m[0m                      ^[0m
[0m[[0m[31merror[0m] [0m[0mC:\Users\daniy\Desktop\chiselll\src\main\scala\lab1\ResetCounter.scala:5:18: not found: value Output[0m
[0m[[0m[31merror[0m] [0m[0m    val result = Output ( Bool () )[0m
[0m[[0m[31merror[0m] [0m[0m                 ^[0m
[0m[[0m[31merror[0m] [0m[0mC:\Users\daniy\Desktop\chiselll\src\main\scala\lab1\ResetCounter.scala:5:27: not found: value Bool[0m
[0m[[0m[31merror[0m] [0m[0m    val result = Output ( Bool () )[0m
[0m[[0m[31merror[0m] [0m[0m                          ^[0m
[0m[[0m[31merror[0m] [0m[0mC:\Users\daniy\Desktop\chiselll\src\main\scala\lab1\ResetCounter.scala:7:18: value U is not a member of Int[0m
[0m[[0m[31merror[0m] [0m[0m    val max = (1.U << counterBits ) - 1.U[0m
[0m[[0m[31merror[0m] [0m[0m                 ^[0m
[0m[[0m[31merror[0m] [0m[0mC:\Users\daniy\Desktop\chiselll\src\main\scala\lab1\ResetCounter.scala:7:41: value U is not a member of Int[0m
[0m[[0m[31merror[0m] [0m[0m    val max = (1.U << counterBits ) - 1.U[0m
[0m[[0m[31merror[0m] [0m[0m                                        ^[0m
[0m[[0m[31merror[0m] [0m[0mC:\Users\daniy\Desktop\chiselll\src\main\scala\lab1\ResetCounter.scala:8:17: not found: value RegInit[0m
[0m[[0m[31merror[0m] [0m[0m    val count = RegInit (0.U (16.W ) )[0m
[0m[[0m[31merror[0m] [0m[0m                ^[0m
[0m[[0m[31merror[0m] [0m[0mC:\Users\daniy\Desktop\chiselll\src\main\scala\lab1\ResetCounter.scala:8:28: value U is not a member of Int[0m
[0m[[0m[31merror[0m] [0m[0m    val count = RegInit (0.U (16.W ) )[0m
[0m[[0m[31merror[0m] [0m[0m                           ^[0m
[0m[[0m[31merror[0m] [0m[0mC:\Users\daniy\Desktop\chiselll\src\main\scala\lab1\ResetCounter.scala:8:34: value W is not a member of Int[0m
[0m[[0m[31merror[0m] [0m[0m    val count = RegInit (0.U (16.W ) )[0m
[0m[[0m[31merror[0m] [0m[0m                                 ^[0m
[0m[[0m[31merror[0m] [0m[0mC:\Users\daniy\Desktop\chiselll\src\main\scala\lab1\ResetCounter.scala:9:5: not found: value when[0m
[0m[[0m[31merror[0m] [0m[0m    when ( count(15.U) === (1.U) ) {[0m
[0m[[0m[31merror[0m] [0m[0m    ^[0m
[0m[[0m[31merror[0m] [0m[0mC:\Users\daniy\Desktop\chiselll\src\main\scala\lab1\SignedCounter.scala:2:8: not found: object chisel3[0m
[0m[[0m[31merror[0m] [0m[0mimport chisel3 . _[0m
[0m[[0m[31merror[0m] [0m[0m       ^[0m
[0m[[0m[31merror[0m] [0m[0mC:\Users\daniy\Desktop\chiselll\src\main\scala\lab1\SignedCounter.scala:3:53: illegal inheritance from final class Module[0m
[0m[[0m[31merror[0m] [0m[0mclass Signed_Counter ( counterBits : UInt ) extends Module {[0m
[0m[[0m[31merror[0m] [0m[0m                                                    ^[0m
[0m[[0m[31merror[0m] [0m[0mC:\Users\daniy\Desktop\chiselll\src\main\scala\lab1\SignedCounter.scala:3:38: not found: type UInt[0m
[0m[[0m[31merror[0m] [0m[0mclass Signed_Counter ( counterBits : UInt ) extends Module {[0m
[0m[[0m[31merror[0m] [0m[0m                                     ^[0m
[0m[[0m[31merror[0m] [0m[0mC:\Users\daniy\Desktop\chiselll\src\main\scala\lab1\SignedCounter.scala:4:14: not found: value IO[0m
[0m[[0m[31merror[0m] [0m[0m    val io = IO ( new Bundle {[0m
[0m[[0m[31merror[0m] [0m[0m             ^[0m
[0m[[0m[31merror[0m] [0m[0mC:\Users\daniy\Desktop\chiselll\src\main\scala\lab1\SignedCounter.scala:4:23: not found: type Bundle[0m
[0m[[0m[31merror[0m] [0m[0m    val io = IO ( new Bundle {[0m
[0m[[0m[31merror[0m] [0m[0m                      ^[0m
[0m[[0m[31merror[0m] [0m[0mC:\Users\daniy\Desktop\chiselll\src\main\scala\lab1\SignedCounter.scala:5:18: not found: value Output[0m
[0m[[0m[31merror[0m] [0m[0m    val result = Output ( Bool () )[0m
[0m[[0m[31merror[0m] [0m[0m                 ^[0m
[0m[[0m[31merror[0m] [0m[0mC:\Users\daniy\Desktop\chiselll\src\main\scala\lab1\SignedCounter.scala:5:27: not found: value Bool[0m
[0m[[0m[31merror[0m] [0m[0m    val result = Output ( Bool () )[0m
[0m[[0m[31merror[0m] [0m[0m                          ^[0m
[0m[[0m[31merror[0m] [0m[0mC:\Users\daniy\Desktop\chiselll\src\main\scala\lab1\SignedCounter.scala:7:19: value U is not a member of Int[0m
[0m[[0m[31merror[0m] [0m[0m    val max1 = (1.U << counterBits ) - 1.U[0m
[0m[[0m[31merror[0m] [0m[0m                  ^[0m
[0m[[0m[31merror[0m] [0m[0mC:\Users\daniy\Desktop\chiselll\src\main\scala\lab1\SignedCounter.scala:7:42: value U is not a member of Int[0m
[0m[[0m[31merror[0m] [0m[0m    val max1 = (1.U << counterBits ) - 1.U[0m
[0m[[0m[31merror[0m] [0m[0m                                         ^[0m
[0m[[0m[31merror[0m] [0m[0mC:\Users\daniy\Desktop\chiselll\src\main\scala\lab1\SignedCounter.scala:9:17: not found: value RegInit[0m
[0m[[0m[31merror[0m] [0m[0m    val count = RegInit (0.S (16.W ) )[0m
[0m[[0m[31merror[0m] [0m[0m                ^[0m
[0m[[0m[31merror[0m] [0m[0mC:\Users\daniy\Desktop\chiselll\src\main\scala\lab1\SignedCounter.scala:9:28: value S is not a member of Int[0m
[0m[[0m[31merror[0m] [0m[0m    val count = RegInit (0.S (16.W ) )[0m
[0m[[0m[31merror[0m] [0m[0m                           ^[0m
[0m[[0m[31merror[0m] [0m[0mC:\Users\daniy\Desktop\chiselll\src\main\scala\lab1\SignedCounter.scala:9:34: value W is not a member of Int[0m
[0m[[0m[31merror[0m] [0m[0m    val count = RegInit (0.S (16.W ) )[0m
[0m[[0m[31merror[0m] [0m[0m                                 ^[0m
[0m[[0m[31merror[0m] [0m[0mC:\Users\daniy\Desktop\chiselll\src\main\scala\lab1\SignedCounter.scala:11:5: not found: value when[0m
[0m[[0m[31merror[0m] [0m[0m    when ( count === max ) {[0m
[0m[[0m[31merror[0m] [0m[0m    ^[0m
[0m[[0m[31merror[0m] [0m[0mC:\Users\daniy\Desktop\chiselll\src\main\scala\lab1\UpDownCounter.scala:2:8: not found: object chisel3[0m
[0m[[0m[31merror[0m] [0m[0mimport chisel3 . _[0m
[0m[[0m[31merror[0m] [0m[0m       ^[0m
[0m[[0m[31merror[0m] [0m[0mC:\Users\daniy\Desktop\chiselll\src\main\scala\lab1\UpDownCounter.scala:3:8: not found: object chisel3[0m
[0m[[0m[31merror[0m] [0m[0mimport chisel3 . util . _[0m
[0m[[0m[31merror[0m] [0m[0m       ^[0m
[0m[[0m[31merror[0m] [0m[0mC:\Users\daniy\Desktop\chiselll\src\main\scala\lab1\UpDownCounter.scala:5:39: illegal inheritance from final class Module[0m
[0m[[0m[31merror[0m] [0m[0mclass counter_up_down(n:Int ) extends Module {[0m
[0m[[0m[31merror[0m] [0m[0m                                      ^[0m
[0m[[0m[31merror[0m] [0m[0mC:\Users\daniy\Desktop\chiselll\src\main\scala\lab1\UpDownCounter.scala:6:14: not found: value IO[0m
[0m[[0m[31merror[0m] [0m[0m    val io = IO ( new Bundle {[0m
[0m[[0m[31merror[0m] [0m[0m             ^[0m
[0m[[0m[31merror[0m] [0m[0mC:\Users\daniy\Desktop\chiselll\src\main\scala\lab1\UpDownCounter.scala:6:23: not found: type Bundle[0m
[0m[[0m[31merror[0m] [0m[0m    val io = IO ( new Bundle {[0m
[0m[[0m[31merror[0m] [0m[0m                      ^[0m
[0m[[0m[31merror[0m] [0m[0mC:\Users\daniy\Desktop\chiselll\src\main\scala\lab1\UpDownCounter.scala:7:19: not found: value Input[0m
[0m[[0m[31merror[0m] [0m[0m    val data_in = Input ( UInt( n.W ) )[0m
[0m[[0m[31merror[0m] [0m[0m                  ^[0m
[0m[[0m[31merror[0m] [0m[0mC:\Users\daniy\Desktop\chiselll\src\main\scala\lab1\UpDownCounter.scala:7:27: not found: value UInt[0m
[0m[[0m[31merror[0m] [0m[0m    val data_in = Input ( UInt( n.W ) )[0m
[0m[[0m[31merror[0m] [0m[0m                          ^[0m
[0m[[0m[31merror[0m] [0m[0mC:\Users\daniy\Desktop\chiselll\src\main\scala\lab1\UpDownCounter.scala:7:35: value W is not a member of Int[0m
[0m[[0m[31merror[0m] [0m[0m    val data_in = Input ( UInt( n.W ) )[0m
[0m[[0m[31merror[0m] [0m[0m                                  ^[0m
[0m[[0m[31merror[0m] [0m[0mC:\Users\daniy\Desktop\chiselll\src\main\scala\lab1\UpDownCounter.scala:8:18: not found: value Input[0m
[0m[[0m[31merror[0m] [0m[0m    val reload = Input ( Bool() )[0m
[0m[[0m[31merror[0m] [0m[0m                 ^[0m
[0m[[0m[31merror[0m] [0m[0mC:\Users\daniy\Desktop\chiselll\src\main\scala\lab1\UpDownCounter.scala:8:26: not found: value Bool[0m
[0m[[0m[31merror[0m] [0m[0m    val reload = Input ( Bool() )[0m
[0m[[0m[31merror[0m] [0m[0m                         ^[0m
[0m[[0m[31merror[0m] [0m[0mC:\Users\daniy\Desktop\chiselll\src\main\scala\lab1\UpDownCounter.scala:9:15: not found: value Output[0m
[0m[[0m[31merror[0m] [0m[0m    val out = Output (UInt())[0m
[0m[[0m[31merror[0m] [0m[0m              ^[0m
[0m[[0m[31merror[0m] [0m[0mC:\Users\daniy\Desktop\chiselll\src\main\scala\lab1\UpDownCounter.scala:9:23: not found: value UInt[0m
[0m[[0m[31merror[0m] [0m[0m    val out = Output (UInt())[0m
[0m[[0m[31merror[0m] [0m[0m                      ^[0m
[0m[[0m[31merror[0m] [0m[0mC:\Users\daniy\Desktop\chiselll\src\main\scala\lab1\UpDownCounter.scala:10:16: not found: value Output[0m
[0m[[0m[31merror[0m] [0m[0m    val out2 = Output(UInt())[0m
[0m[[0m[31merror[0m] [0m[0m               ^[0m
[0m[[0m[31merror[0m] [0m[0m124 errors found[0m
[0m[[0m[31merror[0m] [0m[0m(Compile / [31mcompileIncremental[0m) Compilation failed[0m
[0m[[0m[31merror[0m] [0m[0mTotal time: 26 s, completed Nov 11, 2021, 7:23:52 PM[0m
[0m[[0m[0mdebug[0m] [0m[0m> Exec(shell, None, None)[0m
