[0m[[0m[0mdebug[0m] [0m[0m> Exec(;Test/compile; collectAnalyses, None, Some(CommandSource(network-1)))[0m
[0m[[0m[0mdebug[0m] [0m[0mjsonRpcNotify: JsonRpcNotificationMessage(2.0, build/logMessage, {"type":4,"message":"Processing"})[0m
[0m[[0m[0mdebug[0m] [0m[0mjsonRpcNotify: JsonRpcNotificationMessage(2.0, build/logMessage, {"type":4,"message":"Done"})[0m
[0m[[0m[0mdebug[0m] [0m[0m> Exec(Test/compile, None, Some(CommandSource(network-1)))[0m
[0m[[0m[0mdebug[0m] [0m[0mjsonRpcNotify: JsonRpcNotificationMessage(2.0, build/logMessage, {"type":4,"message":"Processing"})[0m
[0m[[0m[0mdebug[0m] [0m[0mEvaluating tasks: Test / compile[0m
[0m[[0m[0mdebug[0m] [0m[0mRunning task... Cancel: Signal, check cycles: false, forcegc: true[0m
[0m[[0m[0mdebug[0m] [0m[0mjsonRpcNotify: JsonRpcNotificationMessage(2.0, build/taskStart, {"taskId":{"id":"151","parents":[]},"eventTime":1636658953825,"message":"Compiling root","dataKind":"compile-task","data":{"target":{"uri":"file:/C:/Users/daniy/Desktop/chiselll/#root/Compile"}}})[0m
[0m[[0m[0minfo[0m] [0m[0mcompiling 1 Scala source to C:\Users\daniy\Desktop\chiselll\target\scala-2.12\classes ...[0m
[0m[[0m[0mdebug[0m] [0m[0mjsonRpcNotify: JsonRpcNotificationMessage(2.0, build/logMessage, {"type":3,"message":"compiling 1 Scala source to C:\\Users\\daniy\\Desktop\\chiselll\\target\\scala-2.12\\classes ..."})[0m
[0m[[0m[0mdebug[0m] [0m[0mjsonRpcNotify: JsonRpcNotificationMessage(2.0, build/publishDiagnostics, {"textDocument":{"uri":"file:///C:/Users/daniy/Desktop/chiselll/src/main/scala/lab1/UpDownCounter.scala"},"buildTarget":{"uri":"file:/C:/Users/daniy/Desktop/chiselll/#root/Compile"},"diagnostics":[],"reset":true})[0m
[0m[[0m[0mdebug[0m] [0m[0mjsonRpcNotify: JsonRpcNotificationMessage(2.0, build/publishDiagnostics, {"textDocument":{"uri":"file:///C:/Users/daniy/Desktop/chiselll/src/main/scala/lab2/task1.scala"},"buildTarget":{"uri":"file:/C:/Users/daniy/Desktop/chiselll/#root/Compile"},"diagnostics":[],"reset":true})[0m
[0m[[0m[0mdebug[0m] [0m[0mjsonRpcNotify: JsonRpcNotificationMessage(2.0, build/publishDiagnostics, {"textDocument":{"uri":"file:///C:/Users/daniy/Desktop/chiselll/src/main/scala/lab2/task2.scala"},"buildTarget":{"uri":"file:/C:/Users/daniy/Desktop/chiselll/#root/Compile"},"diagnostics":[],"reset":true})[0m
[0m[[0m[0mdebug[0m] [0m[0mjsonRpcNotify: JsonRpcNotificationMessage(2.0, build/publishDiagnostics, {"textDocument":{"uri":"file:///C:/Users/daniy/Desktop/chiselll/src/main/scala/lab1/ex2.scala"},"buildTarget":{"uri":"file:/C:/Users/daniy/Desktop/chiselll/#root/Compile"},"diagnostics":[],"reset":true})[0m
[0m[[0m[0mdebug[0m] [0m[0mjsonRpcNotify: JsonRpcNotificationMessage(2.0, build/publishDiagnostics, {"textDocument":{"uri":"file:///C:/Users/daniy/Desktop/chiselll/src/main/scala/gcd/GCD.scala"},"buildTarget":{"uri":"file:/C:/Users/daniy/Desktop/chiselll/#root/Compile"},"diagnostics":[],"reset":true})[0m
[0m[[0m[0mdebug[0m] [0m[0mjsonRpcNotify: JsonRpcNotificationMessage(2.0, build/publishDiagnostics, {"textDocument":{"uri":"file:///C:/Users/daniy/Desktop/chiselll/src/main/scala/lab1/ex3.scala"},"buildTarget":{"uri":"file:/C:/Users/daniy/Desktop/chiselll/#root/Compile"},"diagnostics":[],"reset":true})[0m
[0m[[0m[0mdebug[0m] [0m[0mjsonRpcNotify: JsonRpcNotificationMessage(2.0, build/publishDiagnostics, {"textDocument":{"uri":"file:///C:/Users/daniy/Desktop/chiselll/src/main/scala/lab2/ex2.scala"},"buildTarget":{"uri":"file:/C:/Users/daniy/Desktop/chiselll/#root/Compile"},"diagnostics":[],"reset":true})[0m
[0m[[0m[0mdebug[0m] [0m[0mjsonRpcNotify: JsonRpcNotificationMessage(2.0, build/publishDiagnostics, {"textDocument":{"uri":"file:///C:/Users/daniy/Desktop/chiselll/src/main/scala/lab1/ex1.scala"},"buildTarget":{"uri":"file:/C:/Users/daniy/Desktop/chiselll/#root/Compile"},"diagnostics":[],"reset":true})[0m
[0m[[0m[0mdebug[0m] [0m[0mjsonRpcNotify: JsonRpcNotificationMessage(2.0, build/publishDiagnostics, {"textDocument":{"uri":"file:///C:/Users/daniy/Desktop/chiselll/src/main/scala/gcd/DecoupledGCD.scala"},"buildTarget":{"uri":"file:/C:/Users/daniy/Desktop/chiselll/#root/Compile"},"diagnostics":[],"reset":true})[0m
[0m[[0m[0mdebug[0m] [0m[0mjsonRpcNotify: JsonRpcNotificationMessage(2.0, build/publishDiagnostics, {"textDocument":{"uri":"file:///C:/Users/daniy/Desktop/chiselll/src/main/scala/lab7/Ex1.scala"},"buildTarget":{"uri":"file:/C:/Users/daniy/Desktop/chiselll/#root/Compile"},"diagnostics":[],"reset":true})[0m
[0m[[0m[0mdebug[0m] [0m[0mjsonRpcNotify: JsonRpcNotificationMessage(2.0, build/publishDiagnostics, {"textDocument":{"uri":"file:///C:/Users/daniy/Desktop/chiselll/src/main/scala/lab2/ex1.scala"},"buildTarget":{"uri":"file:/C:/Users/daniy/Desktop/chiselll/#root/Compile"},"diagnostics":[],"reset":true})[0m
[0m[[0m[0mdebug[0m] [0m[0mjsonRpcNotify: JsonRpcNotificationMessage(2.0, build/publishDiagnostics, {"textDocument":{"uri":"file:///C:/Users/daniy/Desktop/chiselll/src/main/scala/lab2/ex3.scala"},"buildTarget":{"uri":"file:/C:/Users/daniy/Desktop/chiselll/#root/Compile"},"diagnostics":[],"reset":true})[0m
[0m[[0m[0mdebug[0m] [0m[0mjsonRpcNotify: JsonRpcNotificationMessage(2.0, build/taskFinish, {"taskId":{"id":"151","parents":[]},"eventTime":1636658954198,"message":"Compiled root","status":1,"dataKind":"compile-report","data":{"target":{"uri":"file:/C:/Users/daniy/Desktop/chiselll/#root/Compile"},"errors":0,"warnings":0,"time":373}})[0m
[0m[[0m[0mdebug[0m] [0m[0mjsonRpcNotify: JsonRpcNotificationMessage(2.0, build/taskStart, {"taskId":{"id":"152","parents":[]},"eventTime":1636658954223,"message":"Compiling root-test","dataKind":"compile-task","data":{"target":{"uri":"file:/C:/Users/daniy/Desktop/chiselll/#root/Test"}}})[0m
[0m[[0m[0minfo[0m] [0m[0mcompiling 1 Scala source to C:\Users\daniy\Desktop\chiselll\target\scala-2.12\test-classes ...[0m
[0m[[0m[0mdebug[0m] [0m[0mjsonRpcNotify: JsonRpcNotificationMessage(2.0, build/logMessage, {"type":3,"message":"compiling 1 Scala source to C:\\Users\\daniy\\Desktop\\chiselll\\target\\scala-2.12\\test-classes ..."})[0m
[0m[[0m[0mdebug[0m] [0m[0mjsonRpcNotify: JsonRpcNotificationMessage(2.0, build/publishDiagnostics, {"textDocument":{"uri":"file:///C:/Users/daniy/Desktop/chiselll/src/test/scala/lab7/Ex1Test.scala"},"buildTarget":{"uri":"file:/C:/Users/daniy/Desktop/chiselll/#root/Test"},"diagnostics":[],"reset":true})[0m
[0m[[0m[0mdebug[0m] [0m[0mjsonRpcNotify: JsonRpcNotificationMessage(2.0, build/publishDiagnostics, {"textDocument":{"uri":"file:///C:/Users/daniy/Desktop/chiselll/src/test/scala/lab1/UpDownCounterTest.scala"},"buildTarget":{"uri":"file:/C:/Users/daniy/Desktop/chiselll/#root/Test"},"diagnostics":[],"reset":true})[0m
[0m[[0m[0mdebug[0m] [0m[0mjsonRpcNotify: JsonRpcNotificationMessage(2.0, build/publishDiagnostics, {"textDocument":{"uri":"file:///C:/Users/daniy/Desktop/chiselll/src/test/scala/lab2/task2test.scala"},"buildTarget":{"uri":"file:/C:/Users/daniy/Desktop/chiselll/#root/Test"},"diagnostics":[],"reset":true})[0m
[0m[[0m[0mdebug[0m] [0m[0mjsonRpcNotify: JsonRpcNotificationMessage(2.0, build/publishDiagnostics, {"textDocument":{"uri":"file:///C:/Users/daniy/Desktop/chiselll/src/test/scala/lab2/ex2test.scala"},"buildTarget":{"uri":"file:/C:/Users/daniy/Desktop/chiselll/#root/Test"},"diagnostics":[],"reset":true})[0m
[0m[[0m[0mdebug[0m] [0m[0mjsonRpcNotify: JsonRpcNotificationMessage(2.0, build/publishDiagnostics, {"textDocument":{"uri":"file:///C:/Users/daniy/Desktop/chiselll/src/test/scala/lab1/ex3test.scala"},"buildTarget":{"uri":"file:/C:/Users/daniy/Desktop/chiselll/#root/Test"},"diagnostics":[],"reset":true})[0m
[0m[[0m[0mdebug[0m] [0m[0mjsonRpcNotify: JsonRpcNotificationMessage(2.0, build/publishDiagnostics, {"textDocument":{"uri":"file:///C:/Users/daniy/Desktop/chiselll/src/test/scala/lab2/ex3test.scala"},"buildTarget":{"uri":"file:/C:/Users/daniy/Desktop/chiselll/#root/Test"},"diagnostics":[],"reset":true})[0m
[0m[[0m[0mdebug[0m] [0m[0mjsonRpcNotify: JsonRpcNotificationMessage(2.0, build/publishDiagnostics, {"textDocument":{"uri":"file:///C:/Users/daniy/Desktop/chiselll/src/test/scala/lab2/task1test.scala"},"buildTarget":{"uri":"file:/C:/Users/daniy/Desktop/chiselll/#root/Test"},"diagnostics":[],"reset":true})[0m
[0m[[0m[0mdebug[0m] [0m[0mjsonRpcNotify: JsonRpcNotificationMessage(2.0, build/publishDiagnostics, {"textDocument":{"uri":"file:///C:/Users/daniy/Desktop/chiselll/src/test/scala/lab1/ex1test.scala"},"buildTarget":{"uri":"file:/C:/Users/daniy/Desktop/chiselll/#root/Test"},"diagnostics":[],"reset":true})[0m
[0m[[0m[0mdebug[0m] [0m[0mjsonRpcNotify: JsonRpcNotificationMessage(2.0, build/publishDiagnostics, {"textDocument":{"uri":"file:///C:/Users/daniy/Desktop/chiselll/src/test/scala/lab2/ex1test.scala"},"buildTarget":{"uri":"file:/C:/Users/daniy/Desktop/chiselll/#root/Test"},"diagnostics":[],"reset":true})[0m
[0m[[0m[0mdebug[0m] [0m[0mjsonRpcNotify: JsonRpcNotificationMessage(2.0, build/publishDiagnostics, {"textDocument":{"uri":"file:///C:/Users/daniy/Desktop/chiselll/src/test/scala/gcd/GCDSpec.scala"},"buildTarget":{"uri":"file:/C:/Users/daniy/Desktop/chiselll/#root/Test"},"diagnostics":[],"reset":true})[0m
[0m[[0m[0mdebug[0m] [0m[0mjsonRpcNotify: JsonRpcNotificationMessage(2.0, build/publishDiagnostics, {"textDocument":{"uri":"file:///C:/Users/daniy/Desktop/chiselll/src/test/scala/lab1/ex2test.scala"},"buildTarget":{"uri":"file:/C:/Users/daniy/Desktop/chiselll/#root/Test"},"diagnostics":[],"reset":true})[0m
[0m[[0m[0mdebug[0m] [0m[0mjsonRpcNotify: JsonRpcNotificationMessage(2.0, build/taskFinish, {"taskId":{"id":"152","parents":[]},"eventTime":1636658954651,"message":"Compiled root-test","status":1,"dataKind":"compile-report","data":{"target":{"uri":"file:/C:/Users/daniy/Desktop/chiselll/#root/Test"},"errors":0,"warnings":0,"time":428}})[0m
[0m[[0m[32msuccess[0m] [0m[0mTotal time: 1 s, completed Nov 12, 2021, 12:29:14 AM[0m
[0m[[0m[0mdebug[0m] [0m[0mjsonRpcNotify: JsonRpcNotificationMessage(2.0, build/logMessage, {"type":4,"message":"Done"})[0m
[0m[[0m[0mdebug[0m] [0m[0m> Exec(collectAnalyses, None, Some(CommandSource(network-1)))[0m
[0m[[0m[0mdebug[0m] [0m[0mjsonRpcNotify: JsonRpcNotificationMessage(2.0, build/logMessage, {"type":4,"message":"Processing"})[0m
[0m[[0m[0mdebug[0m] [0m[0mEvaluating tasks: Compile / collectAnalyses[0m
[0m[[0m[0mdebug[0m] [0m[0mRunning task... Cancel: Signal, check cycles: false, forcegc: true[0m
[0m[[0m[0mdebug[0m] [0m[0manalysis location (C:\Users\daniy\Desktop\chiselll\target\scala-2.12\zinc\inc_compile_2.12.zip,true)[0m
[0m[[0m[32msuccess[0m] [0m[0mTotal time: 0 s, completed Nov 12, 2021, 12:29:14 AM[0m
[0m[[0m[0mdebug[0m] [0m[0mjsonRpcNotify: JsonRpcNotificationMessage(2.0, build/logMessage, {"type":4,"message":"Done"})[0m
[0m[[0m[0mdebug[0m] [0m[0m> Exec(shell, None, None)[0m
