[0m[[0m[0mdebug[0m] [0m[0m> Exec(testOnly practice.lab7Test -- -DwriteVcd=1, Some(e8f63952-db3a-4b85-b2a3-8fc46756f864), Some(CommandSource(console0)))[0m
[0m[[0m[0mdebug[0m] [0m[0mEvaluating tasks: Test / testOnly[0m
[0m[[0m[0mdebug[0m] [0m[0mRunning task... Cancel: Signal, check cycles: false, forcegc: true[0m
[0m[[0m[0mdebug[0m] [0m[0mjsonRpcNotify: JsonRpcNotificationMessage(2.0, build/taskStart, {"taskId":{"id":"217","parents":[]},"eventTime":1635676776643,"message":"Compiling root","dataKind":"compile-task","data":{"target":{"uri":"file:/C:/Users/daniy/Downloads/Scala-Chisel-Learning-Journey-main/Scala-Chisel-Learning-Journey-main/#root/Compile"}}})[0m
[0m[[0m[0mdebug[0m] [0m[0mjsonRpcNotify: JsonRpcNotificationMessage(2.0, build/publishDiagnostics, {"textDocument":{"uri":"file:///C:/Users/daniy/Downloads/Scala-Chisel-Learning-Journey-main/Scala-Chisel-Learning-Journey-main/src/main/scala/practice/lab7.scala"},"buildTarget":{"uri":"file:/C:/Users/daniy/Downloads/Scala-Chisel-Learning-Journey-main/Scala-Chisel-Learning-Journey-main/#root/Compile"},"diagnostics":[],"reset":true})[0m
[0m[[0m[0mdebug[0m] [0m[0mjsonRpcNotify: JsonRpcNotificationMessage(2.0, build/publishDiagnostics, {"textDocument":{"uri":"file:///C:/Users/daniy/Downloads/Scala-Chisel-Learning-Journey-main/Scala-Chisel-Learning-Journey-main/src/main/scala/practice/And.scala"},"buildTarget":{"uri":"file:/C:/Users/daniy/Downloads/Scala-Chisel-Learning-Journey-main/Scala-Chisel-Learning-Journey-main/#root/Compile"},"diagnostics":[],"reset":true})[0m
[0m[[0m[0mdebug[0m] [0m[0mjsonRpcNotify: JsonRpcNotificationMessage(2.0, build/publishDiagnostics, {"textDocument":{"uri":"file:///C:/Users/daniy/Downloads/Scala-Chisel-Learning-Journey-main/Scala-Chisel-Learning-Journey-main/src/main/scala/gcd/GCD.scala"},"buildTarget":{"uri":"file:/C:/Users/daniy/Downloads/Scala-Chisel-Learning-Journey-main/Scala-Chisel-Learning-Journey-main/#root/Compile"},"diagnostics":[],"reset":true})[0m
[0m[[0m[0mdebug[0m] [0m[0mjsonRpcNotify: JsonRpcNotificationMessage(2.0, build/publishDiagnostics, {"textDocument":{"uri":"file:///C:/Users/daniy/Downloads/Scala-Chisel-Learning-Journey-main/Scala-Chisel-Learning-Journey-main/src/main/scala/practice/lab6.scala"},"buildTarget":{"uri":"file:/C:/Users/daniy/Downloads/Scala-Chisel-Learning-Journey-main/Scala-Chisel-Learning-Journey-main/#root/Compile"},"diagnostics":[],"reset":true})[0m
[0m[[0m[0mdebug[0m] [0m[0mjsonRpcNotify: JsonRpcNotificationMessage(2.0, build/publishDiagnostics, {"textDocument":{"uri":"file:///C:/Users/daniy/Downloads/Scala-Chisel-Learning-Journey-main/Scala-Chisel-Learning-Journey-main/src/main/scala/gcd/DecoupledGCD.scala"},"buildTarget":{"uri":"file:/C:/Users/daniy/Downloads/Scala-Chisel-Learning-Journey-main/Scala-Chisel-Learning-Journey-main/#root/Compile"},"diagnostics":[],"reset":true})[0m
[0m[[0m[0mdebug[0m] [0m[0mjsonRpcNotify: JsonRpcNotificationMessage(2.0, build/publishDiagnostics, {"textDocument":{"uri":"file:///C:/Users/daniy/Downloads/Scala-Chisel-Learning-Journey-main/Scala-Chisel-Learning-Journey-main/src/main/scala/practice/buggedAlu.scala"},"buildTarget":{"uri":"file:/C:/Users/daniy/Downloads/Scala-Chisel-Learning-Journey-main/Scala-Chisel-Learning-Journey-main/#root/Compile"},"diagnostics":[],"reset":true})[0m
[0m[[0m[0mdebug[0m] [0m[0mjsonRpcNotify: JsonRpcNotificationMessage(2.0, build/publishDiagnostics, {"textDocument":{"uri":"file:///C:/Users/daniy/Downloads/Scala-Chisel-Learning-Journey-main/Scala-Chisel-Learning-Journey-main/src/main/scala/practice/lab5.scala"},"buildTarget":{"uri":"file:/C:/Users/daniy/Downloads/Scala-Chisel-Learning-Journey-main/Scala-Chisel-Learning-Journey-main/#root/Compile"},"diagnostics":[{"range":{"start":{"line":0,"character":0},"end":{"line":0,"character":1}},"severity":3,"source":"sbt","message":"\nFound names but no class, trait or object is defined in the compilation unit.\nThe incremental compiler cannot record the dependency information in such case.\nSome errors like unused import referring to a non-existent class might not be reported.\n    "}],"reset":true})[0m
[0m[[0m[0mdebug[0m] [0m[0mjsonRpcNotify: JsonRpcNotificationMessage(2.0, build/publishDiagnostics, {"textDocument":{"uri":"file:///C:/Users/daniy/Downloads/Scala-Chisel-Learning-Journey-main/Scala-Chisel-Learning-Journey-main/src/main/scala/practice/alu.scala"},"buildTarget":{"uri":"file:/C:/Users/daniy/Downloads/Scala-Chisel-Learning-Journey-main/Scala-Chisel-Learning-Journey-main/#root/Compile"},"diagnostics":[],"reset":true})[0m
[0m[[0m[0mdebug[0m] [0m[0mjsonRpcNotify: JsonRpcNotificationMessage(2.0, build/taskFinish, {"taskId":{"id":"217","parents":[]},"eventTime":1635676776657,"message":"Compiled root","status":1,"dataKind":"compile-report","data":{"target":{"uri":"file:/C:/Users/daniy/Downloads/Scala-Chisel-Learning-Journey-main/Scala-Chisel-Learning-Journey-main/#root/Compile"},"errors":0,"warnings":0,"time":14}})[0m
[0m[[0m[0mdebug[0m] [0m[0mjsonRpcNotify: JsonRpcNotificationMessage(2.0, build/taskStart, {"taskId":{"id":"218","parents":[]},"eventTime":1635676776663,"message":"Compiling root-test","dataKind":"compile-task","data":{"target":{"uri":"file:/C:/Users/daniy/Downloads/Scala-Chisel-Learning-Journey-main/Scala-Chisel-Learning-Journey-main/#root/Test"}}})[0m
[0m[[0m[0mdebug[0m] [0m[0mjsonRpcNotify: JsonRpcNotificationMessage(2.0, build/publishDiagnostics, {"textDocument":{"uri":"file:///C:/Users/daniy/Downloads/Scala-Chisel-Learning-Journey-main/Scala-Chisel-Learning-Journey-main/src/test/scala/practice/lab7Test.scala"},"buildTarget":{"uri":"file:/C:/Users/daniy/Downloads/Scala-Chisel-Learning-Journey-main/Scala-Chisel-Learning-Journey-main/#root/Test"},"diagnostics":[],"reset":true})[0m
[0m[[0m[0mdebug[0m] [0m[0mjsonRpcNotify: JsonRpcNotificationMessage(2.0, build/publishDiagnostics, {"textDocument":{"uri":"file:///C:/Users/daniy/Downloads/Scala-Chisel-Learning-Journey-main/Scala-Chisel-Learning-Journey-main/src/test/scala/practice/TestALU.scala"},"buildTarget":{"uri":"file:/C:/Users/daniy/Downloads/Scala-Chisel-Learning-Journey-main/Scala-Chisel-Learning-Journey-main/#root/Test"},"diagnostics":[],"reset":true})[0m
[0m[[0m[0mdebug[0m] [0m[0mjsonRpcNotify: JsonRpcNotificationMessage(2.0, build/publishDiagnostics, {"textDocument":{"uri":"file:///C:/Users/daniy/Downloads/Scala-Chisel-Learning-Journey-main/Scala-Chisel-Learning-Journey-main/src/test/scala/practice/lab5test.scala"},"buildTarget":{"uri":"file:/C:/Users/daniy/Downloads/Scala-Chisel-Learning-Journey-main/Scala-Chisel-Learning-Journey-main/#root/Test"},"diagnostics":[],"reset":true})[0m
[0m[[0m[0mdebug[0m] [0m[0mjsonRpcNotify: JsonRpcNotificationMessage(2.0, build/publishDiagnostics, {"textDocument":{"uri":"file:///C:/Users/daniy/Downloads/Scala-Chisel-Learning-Journey-main/Scala-Chisel-Learning-Journey-main/src/test/scala/practice/Andtest.scala"},"buildTarget":{"uri":"file:/C:/Users/daniy/Downloads/Scala-Chisel-Learning-Journey-main/Scala-Chisel-Learning-Journey-main/#root/Test"},"diagnostics":[],"reset":true})[0m
[0m[[0m[0mdebug[0m] [0m[0mjsonRpcNotify: JsonRpcNotificationMessage(2.0, build/publishDiagnostics, {"textDocument":{"uri":"file:///C:/Users/daniy/Downloads/Scala-Chisel-Learning-Journey-main/Scala-Chisel-Learning-Journey-main/src/test/scala/practice/lab6test.scala"},"buildTarget":{"uri":"file:/C:/Users/daniy/Downloads/Scala-Chisel-Learning-Journey-main/Scala-Chisel-Learning-Journey-main/#root/Test"},"diagnostics":[],"reset":true})[0m
[0m[[0m[0mdebug[0m] [0m[0mjsonRpcNotify: JsonRpcNotificationMessage(2.0, build/publishDiagnostics, {"textDocument":{"uri":"file:///C:/Users/daniy/Downloads/Scala-Chisel-Learning-Journey-main/Scala-Chisel-Learning-Journey-main/src/test/scala/practice/buggedAlutest.scala"},"buildTarget":{"uri":"file:/C:/Users/daniy/Downloads/Scala-Chisel-Learning-Journey-main/Scala-Chisel-Learning-Journey-main/#root/Test"},"diagnostics":[],"reset":true})[0m
[0m[[0m[0mdebug[0m] [0m[0mjsonRpcNotify: JsonRpcNotificationMessage(2.0, build/publishDiagnostics, {"textDocument":{"uri":"file:///C:/Users/daniy/Downloads/Scala-Chisel-Learning-Journey-main/Scala-Chisel-Learning-Journey-main/src/test/scala/gcd/GCDSpec.scala"},"buildTarget":{"uri":"file:/C:/Users/daniy/Downloads/Scala-Chisel-Learning-Journey-main/Scala-Chisel-Learning-Journey-main/#root/Test"},"diagnostics":[],"reset":true})[0m
[0m[[0m[0mdebug[0m] [0m[0mjsonRpcNotify: JsonRpcNotificationMessage(2.0, build/taskFinish, {"taskId":{"id":"218","parents":[]},"eventTime":1635676776676,"message":"Compiled root-test","status":1,"dataKind":"compile-report","data":{"target":{"uri":"file:/C:/Users/daniy/Downloads/Scala-Chisel-Learning-Journey-main/Scala-Chisel-Learning-Journey-main/#root/Test"},"errors":0,"warnings":0,"time":13}})[0m
[0m[[0m[0minfo[0m] [0m[0m[32mlab7Test:[0m[0m
[0m[[0m[0minfo[0m] [0m[0m[32m- lab7 ke liye[0m[0m
[0m[[0m[0mdebug[0m] [0m[0mjsonRpcNotify: JsonRpcNotificationMessage(2.0, build/logMessage, {"type":3,"message":"\u001b[32mlab7Test:\u001b[0m"})[0m
[0m[[0m[0mdebug[0m] [0m[0mjsonRpcNotify: JsonRpcNotificationMessage(2.0, build/logMessage, {"type":3,"message":"\u001b[32m- lab7 ke liye\u001b[0m"})[0m
[0m[[0m[0minfo[0m] [0m[0m[36mRun completed in 2 seconds, 338 milliseconds.[0m[0m
[0m[[0m[0minfo[0m] [0m[0m[36mTotal number of tests run: 1[0m[0m
[0m[[0m[0minfo[0m] [0m[0m[36mSuites: completed 1, aborted 0[0m[0m
[0m[[0m[0minfo[0m] [0m[0m[36mTests: succeeded 1, failed 0, canceled 0, ignored 0, pending 0[0m[0m
[0m[[0m[0minfo[0m] [0m[0m[32mAll tests passed.[0m[0m
[0m[[0m[0mdebug[0m] [0m[0mjsonRpcNotify: JsonRpcNotificationMessage(2.0, build/logMessage, {"type":3,"message":"\u001b[36mRun completed in 2 seconds, 338 milliseconds.\u001b[0m\n\u001b[36mTotal number of tests run: 1\u001b[0m\n\u001b[36mSuites: completed 1, aborted 0\u001b[0m\n\u001b[36mTests: succeeded 1, failed 0, canceled 0, ignored 0, pending 0\u001b[0m\n\u001b[32mAll tests passed.\u001b[0m"})[0m
[0m[[0m[0mdebug[0m] [0m[0mForcing garbage collection...[0m
[0m[[0m[32msuccess[0m] [0m[0mTotal time: 3 s, completed Oct 31, 2021, 3:39:39 PM[0m
[0m[[0m[0mdebug[0m] [0m[0m> Exec(shell, None, None)[0m
[0m[[0m[0mdebug[0m] [0m[0mlsp-definition json request: {"textDocument":{"uri":"file:///c%3A/Users/daniy/Downloads/Scala-Chisel-Learning-Journey-main/Scala-Chisel-Learning-Journey-main/src/main/scala/practice/lab7.scala"},"position":{"line":19,"character":26}}[0m
[0m[[0m[0mdebug[0m] [0m[0mlsp-definition found line: // move to next state when input is 1[0m
[0m[[0m[0mdebug[0m] [0m[0msymbol when[0m
[0m[[0m[0mdebug[0m] [0m[0mlsp-definition potentials: Set()[0m
[0m[[0m[0mdebug[0m] [0m[0mlsp-definition locations Vector()[0m
[0m[[0m[0mdebug[0m] [0m[0mForcing garbage collection...[0m
