[0m[[0m[0mdebug[0m] [0m[0m> Exec(testOnly practice.lab6test -- -DwriteVcd=1, Some(4316e37b-3f88-42ea-8f5e-f5eeab1dab1e), Some(CommandSource(console0)))[0m
[0m[[0m[0mdebug[0m] [0m[0mEvaluating tasks: Test / testOnly[0m
[0m[[0m[0mdebug[0m] [0m[0mRunning task... Cancel: Signal, check cycles: false, forcegc: true[0m
[0m[[0m[0mdebug[0m] [0m[0mjsonRpcNotify: JsonRpcNotificationMessage(2.0, build/taskStart, {"taskId":{"id":"258","parents":[]},"eventTime":1635493591259,"message":"Compiling root","dataKind":"compile-task","data":{"target":{"uri":"file:/C:/Users/daniy/Downloads/Scala-Chisel-Learning-Journey-main/Scala-Chisel-Learning-Journey-main/#root/Compile"}}})[0m
[0m[[0m[0mdebug[0m] [0m[0mjsonRpcNotify: JsonRpcNotificationMessage(2.0, build/publishDiagnostics, {"textDocument":{"uri":"file:///C:/Users/daniy/Downloads/Scala-Chisel-Learning-Journey-main/Scala-Chisel-Learning-Journey-main/src/main/scala/practice/And.scala"},"buildTarget":{"uri":"file:/C:/Users/daniy/Downloads/Scala-Chisel-Learning-Journey-main/Scala-Chisel-Learning-Journey-main/#root/Compile"},"diagnostics":[],"reset":true})[0m
[0m[[0m[0mdebug[0m] [0m[0mjsonRpcNotify: JsonRpcNotificationMessage(2.0, build/publishDiagnostics, {"textDocument":{"uri":"file:///C:/Users/daniy/Downloads/Scala-Chisel-Learning-Journey-main/Scala-Chisel-Learning-Journey-main/src/main/scala/gcd/GCD.scala"},"buildTarget":{"uri":"file:/C:/Users/daniy/Downloads/Scala-Chisel-Learning-Journey-main/Scala-Chisel-Learning-Journey-main/#root/Compile"},"diagnostics":[],"reset":true})[0m
[0m[[0m[0mdebug[0m] [0m[0mjsonRpcNotify: JsonRpcNotificationMessage(2.0, build/publishDiagnostics, {"textDocument":{"uri":"file:///C:/Users/daniy/Downloads/Scala-Chisel-Learning-Journey-main/Scala-Chisel-Learning-Journey-main/src/main/scala/practice/lab6.scala"},"buildTarget":{"uri":"file:/C:/Users/daniy/Downloads/Scala-Chisel-Learning-Journey-main/Scala-Chisel-Learning-Journey-main/#root/Compile"},"diagnostics":[],"reset":true})[0m
[0m[[0m[0mdebug[0m] [0m[0mjsonRpcNotify: JsonRpcNotificationMessage(2.0, build/publishDiagnostics, {"textDocument":{"uri":"file:///C:/Users/daniy/Downloads/Scala-Chisel-Learning-Journey-main/Scala-Chisel-Learning-Journey-main/src/main/scala/gcd/DecoupledGCD.scala"},"buildTarget":{"uri":"file:/C:/Users/daniy/Downloads/Scala-Chisel-Learning-Journey-main/Scala-Chisel-Learning-Journey-main/#root/Compile"},"diagnostics":[],"reset":true})[0m
[0m[[0m[0mdebug[0m] [0m[0mjsonRpcNotify: JsonRpcNotificationMessage(2.0, build/publishDiagnostics, {"textDocument":{"uri":"file:///C:/Users/daniy/Downloads/Scala-Chisel-Learning-Journey-main/Scala-Chisel-Learning-Journey-main/src/main/scala/practice/buggedAlu.scala"},"buildTarget":{"uri":"file:/C:/Users/daniy/Downloads/Scala-Chisel-Learning-Journey-main/Scala-Chisel-Learning-Journey-main/#root/Compile"},"diagnostics":[],"reset":true})[0m
[0m[[0m[0mdebug[0m] [0m[0mjsonRpcNotify: JsonRpcNotificationMessage(2.0, build/publishDiagnostics, {"textDocument":{"uri":"file:///C:/Users/daniy/Downloads/Scala-Chisel-Learning-Journey-main/Scala-Chisel-Learning-Journey-main/src/main/scala/practice/lab5.scala"},"buildTarget":{"uri":"file:/C:/Users/daniy/Downloads/Scala-Chisel-Learning-Journey-main/Scala-Chisel-Learning-Journey-main/#root/Compile"},"diagnostics":[{"range":{"start":{"line":0,"character":0},"end":{"line":0,"character":1}},"severity":3,"source":"sbt","message":"\nFound names but no class, trait or object is defined in the compilation unit.\nThe incremental compiler cannot record the dependency information in such case.\nSome errors like unused import referring to a non-existent class might not be reported.\n    "}],"reset":true})[0m
[0m[[0m[0mdebug[0m] [0m[0mjsonRpcNotify: JsonRpcNotificationMessage(2.0, build/publishDiagnostics, {"textDocument":{"uri":"file:///C:/Users/daniy/Downloads/Scala-Chisel-Learning-Journey-main/Scala-Chisel-Learning-Journey-main/src/main/scala/practice/alu.scala"},"buildTarget":{"uri":"file:/C:/Users/daniy/Downloads/Scala-Chisel-Learning-Journey-main/Scala-Chisel-Learning-Journey-main/#root/Compile"},"diagnostics":[],"reset":true})[0m
[0m[[0m[0mdebug[0m] [0m[0mjsonRpcNotify: JsonRpcNotificationMessage(2.0, build/taskFinish, {"taskId":{"id":"258","parents":[]},"eventTime":1635493591296,"message":"Compiled root","status":1,"dataKind":"compile-report","data":{"target":{"uri":"file:/C:/Users/daniy/Downloads/Scala-Chisel-Learning-Journey-main/Scala-Chisel-Learning-Journey-main/#root/Compile"},"errors":0,"warnings":0,"time":37}})[0m
[0m[[0m[0mdebug[0m] [0m[0mjsonRpcNotify: JsonRpcNotificationMessage(2.0, build/taskStart, {"taskId":{"id":"259","parents":[]},"eventTime":1635493591301,"message":"Compiling root-test","dataKind":"compile-task","data":{"target":{"uri":"file:/C:/Users/daniy/Downloads/Scala-Chisel-Learning-Journey-main/Scala-Chisel-Learning-Journey-main/#root/Test"}}})[0m
[0m[[0m[0mdebug[0m] [0m[0mjsonRpcNotify: JsonRpcNotificationMessage(2.0, build/publishDiagnostics, {"textDocument":{"uri":"file:///C:/Users/daniy/Downloads/Scala-Chisel-Learning-Journey-main/Scala-Chisel-Learning-Journey-main/src/test/scala/practice/TestALU.scala"},"buildTarget":{"uri":"file:/C:/Users/daniy/Downloads/Scala-Chisel-Learning-Journey-main/Scala-Chisel-Learning-Journey-main/#root/Test"},"diagnostics":[],"reset":true})[0m
[0m[[0m[0mdebug[0m] [0m[0mjsonRpcNotify: JsonRpcNotificationMessage(2.0, build/publishDiagnostics, {"textDocument":{"uri":"file:///C:/Users/daniy/Downloads/Scala-Chisel-Learning-Journey-main/Scala-Chisel-Learning-Journey-main/src/test/scala/practice/lab5test.scala"},"buildTarget":{"uri":"file:/C:/Users/daniy/Downloads/Scala-Chisel-Learning-Journey-main/Scala-Chisel-Learning-Journey-main/#root/Test"},"diagnostics":[],"reset":true})[0m
[0m[[0m[0mdebug[0m] [0m[0mjsonRpcNotify: JsonRpcNotificationMessage(2.0, build/publishDiagnostics, {"textDocument":{"uri":"file:///C:/Users/daniy/Downloads/Scala-Chisel-Learning-Journey-main/Scala-Chisel-Learning-Journey-main/src/test/scala/practice/Andtest.scala"},"buildTarget":{"uri":"file:/C:/Users/daniy/Downloads/Scala-Chisel-Learning-Journey-main/Scala-Chisel-Learning-Journey-main/#root/Test"},"diagnostics":[],"reset":true})[0m
[0m[[0m[0mdebug[0m] [0m[0mjsonRpcNotify: JsonRpcNotificationMessage(2.0, build/publishDiagnostics, {"textDocument":{"uri":"file:///C:/Users/daniy/Downloads/Scala-Chisel-Learning-Journey-main/Scala-Chisel-Learning-Journey-main/src/test/scala/practice/lab6test.scala"},"buildTarget":{"uri":"file:/C:/Users/daniy/Downloads/Scala-Chisel-Learning-Journey-main/Scala-Chisel-Learning-Journey-main/#root/Test"},"diagnostics":[],"reset":true})[0m
[0m[[0m[0mdebug[0m] [0m[0mjsonRpcNotify: JsonRpcNotificationMessage(2.0, build/publishDiagnostics, {"textDocument":{"uri":"file:///C:/Users/daniy/Downloads/Scala-Chisel-Learning-Journey-main/Scala-Chisel-Learning-Journey-main/src/test/scala/practice/buggedAlutest.scala"},"buildTarget":{"uri":"file:/C:/Users/daniy/Downloads/Scala-Chisel-Learning-Journey-main/Scala-Chisel-Learning-Journey-main/#root/Test"},"diagnostics":[],"reset":true})[0m
[0m[[0m[0mdebug[0m] [0m[0mjsonRpcNotify: JsonRpcNotificationMessage(2.0, build/publishDiagnostics, {"textDocument":{"uri":"file:///C:/Users/daniy/Downloads/Scala-Chisel-Learning-Journey-main/Scala-Chisel-Learning-Journey-main/src/test/scala/gcd/GCDSpec.scala"},"buildTarget":{"uri":"file:/C:/Users/daniy/Downloads/Scala-Chisel-Learning-Journey-main/Scala-Chisel-Learning-Journey-main/#root/Test"},"diagnostics":[],"reset":true})[0m
[0m[[0m[0mdebug[0m] [0m[0mjsonRpcNotify: JsonRpcNotificationMessage(2.0, build/taskFinish, {"taskId":{"id":"259","parents":[]},"eventTime":1635493591308,"message":"Compiled root-test","status":1,"dataKind":"compile-report","data":{"target":{"uri":"file:/C:/Users/daniy/Downloads/Scala-Chisel-Learning-Journey-main/Scala-Chisel-Learning-Journey-main/#root/Test"},"errors":0,"warnings":0,"time":7}})[0m
[0m[[0m[0minfo[0m] [0m[0m[32mlab6test:[0m[0m
[0m[[0m[0minfo[0m] [0m[0m[31m- lab6task4 *** FAILED ***[0m[0m
[0m[[0m[0minfo[0m] [0m[0m[31m  chisel3.internal.ChiselException: Connection between sink (Bool(IO in unelaborated My_Queue)) and source (DecoupledIO(IO io_deq in Queue)) failed @: Sink (Bool(IO in unelaborated My_Queue)) and Source (DecoupledIO(IO io_deq in Queue)) have different types.[0m[0m
[0m[[0m[0minfo[0m] [0m[0m[31m  at ... ()[0m[0m
[0m[[0m[0minfo[0m] [0m[0m[31m  at practice.My_Queue.<init>(lab6.scala:133)[0m[0m
[0m[[0m[0minfo[0m] [0m[0m[31m  at practice.lab6test.$anonfun$new$2(lab6test.scala:67)[0m[0m
[0m[[0m[0minfo[0m] [0m[0m[31m  at ... ()[0m[0m
[0m[[0m[0minfo[0m] [0m[0m[31m  at ... (Stack trace trimmed to user code only. Rerun with --full-stacktrace to see the full stack trace)[0m[0m
[0m[[0m[0minfo[0m] [0m[0m[31m  ...[0m[0m
[0m[[0m[0mdebug[0m] [0m[0mjsonRpcNotify: JsonRpcNotificationMessage(2.0, build/logMessage, {"type":3,"message":"\u001b[32mlab6test:\u001b[0m"})[0m
[0m[[0m[0mdebug[0m] [0m[0mjsonRpcNotify: JsonRpcNotificationMessage(2.0, build/logMessage, {"type":3,"message":"\u001b[31m- lab6task4 *** FAILED ***\u001b[0m"})[0m
[0m[[0m[0mdebug[0m] [0m[0mjsonRpcNotify: JsonRpcNotificationMessage(2.0, build/logMessage, {"type":3,"message":"\u001b[31m  chisel3.internal.ChiselException: Connection between sink (Bool(IO in unelaborated My_Queue)) and source (DecoupledIO(IO io_deq in Queue)) failed @: Sink (Bool(IO in unelaborated My_Queue)) and Source (DecoupledIO(IO io_deq in Queue)) have different types.\u001b[0m"})[0m
[0m[[0m[0mdebug[0m] [0m[0mjsonRpcNotify: JsonRpcNotificationMessage(2.0, build/logMessage, {"type":3,"message":"\u001b[31m  at ... ()\u001b[0m"})[0m
[0m[[0m[0mdebug[0m] [0m[0mjsonRpcNotify: JsonRpcNotificationMessage(2.0, build/logMessage, {"type":3,"message":"\u001b[31m  at practice.My_Queue.<init>(lab6.scala:133)\u001b[0m"})[0m
[0m[[0m[0mdebug[0m] [0m[0mjsonRpcNotify: JsonRpcNotificationMessage(2.0, build/logMessage, {"type":3,"message":"\u001b[31m  at practice.lab6test.$anonfun$new$2(lab6test.scala:67)\u001b[0m"})[0m
[0m[[0m[0mdebug[0m] [0m[0mjsonRpcNotify: JsonRpcNotificationMessage(2.0, build/logMessage, {"type":3,"message":"\u001b[31m  at ... ()\u001b[0m"})[0m
[0m[[0m[0mdebug[0m] [0m[0mjsonRpcNotify: JsonRpcNotificationMessage(2.0, build/logMessage, {"type":3,"message":"\u001b[31m  at ... (Stack trace trimmed to user code only. Rerun with --full-stacktrace to see the full stack trace)\u001b[0m"})[0m
[0m[[0m[0mdebug[0m] [0m[0mjsonRpcNotify: JsonRpcNotificationMessage(2.0, build/logMessage, {"type":3,"message":"\u001b[31m  ...\u001b[0m"})[0m
[0m[[0m[0minfo[0m] [0m[0m[36mRun completed in 775 milliseconds.[0m[0m
[0m[[0m[0minfo[0m] [0m[0m[36mTotal number of tests run: 1[0m[0m
[0m[[0m[0minfo[0m] [0m[0m[36mSuites: completed 1, aborted 0[0m[0m
[0m[[0m[0minfo[0m] [0m[0m[36mTests: succeeded 0, failed 1, canceled 0, ignored 0, pending 0[0m[0m
[0m[[0m[0minfo[0m] [0m[0m[31m*** 1 TEST FAILED ***[0m[0m
[0m[[0m[0mdebug[0m] [0m[0mjsonRpcNotify: JsonRpcNotificationMessage(2.0, build/logMessage, {"type":3,"message":"\u001b[36mRun completed in 775 milliseconds.\u001b[0m\n\u001b[36mTotal number of tests run: 1\u001b[0m\n\u001b[36mSuites: completed 1, aborted 0\u001b[0m\n\u001b[36mTests: succeeded 0, failed 1, canceled 0, ignored 0, pending 0\u001b[0m\n\u001b[31m*** 1 TEST FAILED ***\u001b[0m"})[0m
[0m[[0m[31merror[0m] [0m[0mFailed tests:[0m
[0m[[0m[0mdebug[0m] [0m[0mjsonRpcNotify: JsonRpcNotificationMessage(2.0, build/logMessage, {"type":1,"message":"Failed tests:"})[0m
[0m[[0m[31merror[0m] [0m[0m	practice.lab6test[0m
[0m[[0m[0mdebug[0m] [0m[0mjsonRpcNotify: JsonRpcNotificationMessage(2.0, build/logMessage, {"type":1,"message":"\tpractice.lab6test"})[0m
[0m[[0m[31merror[0m] [0m[0m(Test / [31mtestOnly[0m) sbt.TestsFailedException: Tests unsuccessful[0m
[0m[[0m[0mdebug[0m] [0m[0mjsonRpcNotify: JsonRpcNotificationMessage(2.0, build/logMessage, {"type":1,"message":"(Test / \u001b[31mtestOnly\u001b[0m) sbt.TestsFailedException: Tests unsuccessful"})[0m
[0m[[0m[31merror[0m] [0m[0mTotal time: 1 s, completed Oct 29, 2021, 12:46:32 PM[0m
[0m[[0m[0mdebug[0m] [0m[0m> Exec(shell, None, None)[0m
[0m[[0m[0mdebug[0m] [0m[0mUnhandled request received: shutdown: JsonRpcRequestMessage(2.0, ♨13, shutdown, null})[0m
