[0m[[0m[0mdebug[0m] [0m[0m> Exec(test, Some(db833a72-ae3b-4300-b768-46e1432d16a7), Some(CommandSource(console0)))[0m
[0m[[0m[0mdebug[0m] [0m[0mEvaluating tasks: Test / test[0m
[0m[[0m[0mdebug[0m] [0m[0mRunning task... Cancel: Signal, check cycles: false, forcegc: true[0m
[0m[[0m[0mdebug[0m] [0m[0mjsonRpcNotify: JsonRpcNotificationMessage(2.0, build/taskStart, {"taskId":{"id":"35","parents":[]},"eventTime":1636731213980,"message":"Compiling root","dataKind":"compile-task","data":{"target":{"uri":"file:/C:/Users/daniy/Desktop/chiselll/#root/Compile"}}})[0m
[0m[[0m[0mdebug[0m] [0m[0mjsonRpcNotify: JsonRpcNotificationMessage(2.0, build/publishDiagnostics, {"textDocument":{"uri":"file:///C:/Users/daniy/Desktop/chiselll/src/main/scala/lab1/UpDownCounter.scala"},"buildTarget":{"uri":"file:/C:/Users/daniy/Desktop/chiselll/#root/Compile"},"diagnostics":[],"reset":true})[0m
[0m[[0m[0mdebug[0m] [0m[0mjsonRpcNotify: JsonRpcNotificationMessage(2.0, build/publishDiagnostics, {"textDocument":{"uri":"file:///C:/Users/daniy/Desktop/chiselll/src/main/scala/lab7/Task2.scala"},"buildTarget":{"uri":"file:/C:/Users/daniy/Desktop/chiselll/#root/Compile"},"diagnostics":[],"reset":true})[0m
[0m[[0m[0mdebug[0m] [0m[0mjsonRpcNotify: JsonRpcNotificationMessage(2.0, build/publishDiagnostics, {"textDocument":{"uri":"file:///C:/Users/daniy/Desktop/chiselll/src/main/scala/lab8/ex3.scala"},"buildTarget":{"uri":"file:/C:/Users/daniy/Desktop/chiselll/#root/Compile"},"diagnostics":[],"reset":true})[0m
[0m[[0m[0mdebug[0m] [0m[0mjsonRpcNotify: JsonRpcNotificationMessage(2.0, build/publishDiagnostics, {"textDocument":{"uri":"file:///C:/Users/daniy/Desktop/chiselll/src/main/scala/lab3/Branch.scala"},"buildTarget":{"uri":"file:/C:/Users/daniy/Desktop/chiselll/#root/Compile"},"diagnostics":[],"reset":true})[0m
[0m[[0m[0mdebug[0m] [0m[0mjsonRpcNotify: JsonRpcNotificationMessage(2.0, build/publishDiagnostics, {"textDocument":{"uri":"file:///C:/Users/daniy/Desktop/chiselll/src/main/scala/lab5/ex3.scala"},"buildTarget":{"uri":"file:/C:/Users/daniy/Desktop/chiselll/#root/Compile"},"diagnostics":[],"reset":true})[0m
[0m[[0m[0mdebug[0m] [0m[0mjsonRpcNotify: JsonRpcNotificationMessage(2.0, build/publishDiagnostics, {"textDocument":{"uri":"file:///C:/Users/daniy/Desktop/chiselll/src/main/scala/lab2/task1.scala"},"buildTarget":{"uri":"file:/C:/Users/daniy/Desktop/chiselll/#root/Compile"},"diagnostics":[],"reset":true})[0m
[0m[[0m[0mdebug[0m] [0m[0mjsonRpcNotify: JsonRpcNotificationMessage(2.0, build/publishDiagnostics, {"textDocument":{"uri":"file:///C:/Users/daniy/Desktop/chiselll/src/main/scala/lab2/task2.scala"},"buildTarget":{"uri":"file:/C:/Users/daniy/Desktop/chiselll/#root/Compile"},"diagnostics":[],"reset":true})[0m
[0m[[0m[0mdebug[0m] [0m[0mjsonRpcNotify: JsonRpcNotificationMessage(2.0, build/publishDiagnostics, {"textDocument":{"uri":"file:///C:/Users/daniy/Desktop/chiselll/src/main/scala/lab5/para_Mux.scala"},"buildTarget":{"uri":"file:/C:/Users/daniy/Desktop/chiselll/#root/Compile"},"diagnostics":[],"reset":true})[0m
[0m[[0m[0mdebug[0m] [0m[0mjsonRpcNotify: JsonRpcNotificationMessage(2.0, build/publishDiagnostics, {"textDocument":{"uri":"file:///C:/Users/daniy/Desktop/chiselll/src/main/scala/lab1/ex2.scala"},"buildTarget":{"uri":"file:/C:/Users/daniy/Desktop/chiselll/#root/Compile"},"diagnostics":[],"reset":true})[0m
[0m[[0m[0mdebug[0m] [0m[0mjsonRpcNotify: JsonRpcNotificationMessage(2.0, build/publishDiagnostics, {"textDocument":{"uri":"file:///C:/Users/daniy/Desktop/chiselll/src/main/scala/lab6/task2.scala"},"buildTarget":{"uri":"file:/C:/Users/daniy/Desktop/chiselll/#root/Compile"},"diagnostics":[],"reset":true})[0m
[0m[[0m[0mdebug[0m] [0m[0mjsonRpcNotify: JsonRpcNotificationMessage(2.0, build/publishDiagnostics, {"textDocument":{"uri":"file:///C:/Users/daniy/Desktop/chiselll/src/main/scala/lab3/bitextender.scala"},"buildTarget":{"uri":"file:/C:/Users/daniy/Desktop/chiselll/#root/Compile"},"diagnostics":[],"reset":true})[0m
[0m[[0m[0mdebug[0m] [0m[0mjsonRpcNotify: JsonRpcNotificationMessage(2.0, build/publishDiagnostics, {"textDocument":{"uri":"file:///C:/Users/daniy/Desktop/chiselll/src/main/scala/lab5/Para_Adder.scala"},"buildTarget":{"uri":"file:/C:/Users/daniy/Desktop/chiselll/#root/Compile"},"diagnostics":[],"reset":true})[0m
[0m[[0m[0mdebug[0m] [0m[0mjsonRpcNotify: JsonRpcNotificationMessage(2.0, build/publishDiagnostics, {"textDocument":{"uri":"file:///C:/Users/daniy/Desktop/chiselll/src/main/scala/lab4/ALUunit.scala"},"buildTarget":{"uri":"file:/C:/Users/daniy/Desktop/chiselll/#root/Compile"},"diagnostics":[],"reset":true})[0m
[0m[[0m[0mdebug[0m] [0m[0mjsonRpcNotify: JsonRpcNotificationMessage(2.0, build/publishDiagnostics, {"textDocument":{"uri":"file:///C:/Users/daniy/Desktop/chiselll/src/main/scala/lab6/Ex2.scala"},"buildTarget":{"uri":"file:/C:/Users/daniy/Desktop/chiselll/#root/Compile"},"diagnostics":[],"reset":true})[0m
[0m[[0m[0mdebug[0m] [0m[0mjsonRpcNotify: JsonRpcNotificationMessage(2.0, build/publishDiagnostics, {"textDocument":{"uri":"file:///C:/Users/daniy/Desktop/chiselll/src/main/scala/gcd/GCD.scala"},"buildTarget":{"uri":"file:/C:/Users/daniy/Desktop/chiselll/#root/Compile"},"diagnostics":[],"reset":true})[0m
[0m[[0m[0mdebug[0m] [0m[0mjsonRpcNotify: JsonRpcNotificationMessage(2.0, build/publishDiagnostics, {"textDocument":{"uri":"file:///C:/Users/daniy/Desktop/chiselll/src/main/scala/lab4/BranchUnit.scala"},"buildTarget":{"uri":"file:/C:/Users/daniy/Desktop/chiselll/#root/Compile"},"diagnostics":[],"reset":true})[0m
[0m[[0m[0mdebug[0m] [0m[0mjsonRpcNotify: JsonRpcNotificationMessage(2.0, build/publishDiagnostics, {"textDocument":{"uri":"file:///C:/Users/daniy/Desktop/chiselll/src/main/scala/lab6/task3.scala"},"buildTarget":{"uri":"file:/C:/Users/daniy/Desktop/chiselll/#root/Compile"},"diagnostics":[],"reset":true})[0m
[0m[[0m[0mdebug[0m] [0m[0mjsonRpcNotify: JsonRpcNotificationMessage(2.0, build/publishDiagnostics, {"textDocument":{"uri":"file:///C:/Users/daniy/Desktop/chiselll/src/main/scala/lab4/RocketALu.scala"},"buildTarget":{"uri":"file:/C:/Users/daniy/Desktop/chiselll/#root/Compile"},"diagnostics":[],"reset":true})[0m
[0m[[0m[0mdebug[0m] [0m[0mjsonRpcNotify: JsonRpcNotificationMessage(2.0, build/publishDiagnostics, {"textDocument":{"uri":"file:///C:/Users/daniy/Desktop/chiselll/src/main/scala/lab8/ex1.scala"},"buildTarget":{"uri":"file:/C:/Users/daniy/Desktop/chiselll/#root/Compile"},"diagnostics":[],"reset":true})[0m
[0m[[0m[0mdebug[0m] [0m[0mjsonRpcNotify: JsonRpcNotificationMessage(2.0, build/publishDiagnostics, {"textDocument":{"uri":"file:///C:/Users/daniy/Desktop/chiselll/src/main/scala/lab1/ex3.scala"},"buildTarget":{"uri":"file:/C:/Users/daniy/Desktop/chiselll/#root/Compile"},"diagnostics":[],"reset":true})[0m
[0m[[0m[0mdebug[0m] [0m[0mjsonRpcNotify: JsonRpcNotificationMessage(2.0, build/publishDiagnostics, {"textDocument":{"uri":"file:///C:/Users/daniy/Desktop/chiselll/src/main/scala/lab5/ALU_when.scala"},"buildTarget":{"uri":"file:/C:/Users/daniy/Desktop/chiselll/#root/Compile"},"diagnostics":[],"reset":true})[0m
[0m[[0m[0mdebug[0m] [0m[0mjsonRpcNotify: JsonRpcNotificationMessage(2.0, build/publishDiagnostics, {"textDocument":{"uri":"file:///C:/Users/daniy/Desktop/chiselll/src/main/scala/lab3/Encoder.scala"},"buildTarget":{"uri":"file:/C:/Users/daniy/Desktop/chiselll/#root/Compile"},"diagnostics":[],"reset":true})[0m
[0m[[0m[0mdebug[0m] [0m[0mjsonRpcNotify: JsonRpcNotificationMessage(2.0, build/publishDiagnostics, {"textDocument":{"uri":"file:///C:/Users/daniy/Desktop/chiselll/src/main/scala/lab7/Task1.scala"},"buildTarget":{"uri":"file:/C:/Users/daniy/Desktop/chiselll/#root/Compile"},"diagnostics":[],"reset":true})[0m
[0m[[0m[0mdebug[0m] [0m[0mjsonRpcNotify: JsonRpcNotificationMessage(2.0, build/publishDiagnostics, {"textDocument":{"uri":"file:///C:/Users/daniy/Desktop/chiselll/src/main/scala/lab2/ex2.scala"},"buildTarget":{"uri":"file:/C:/Users/daniy/Desktop/chiselll/#root/Compile"},"diagnostics":[],"reset":true})[0m
[0m[[0m[0mdebug[0m] [0m[0mjsonRpcNotify: JsonRpcNotificationMessage(2.0, build/publishDiagnostics, {"textDocument":{"uri":"file:///C:/Users/daniy/Desktop/chiselll/src/main/scala/lab6/Task4.scala"},"buildTarget":{"uri":"file:/C:/Users/daniy/Desktop/chiselll/#root/Compile"},"diagnostics":[],"reset":true})[0m
[0m[[0m[0mdebug[0m] [0m[0mjsonRpcNotify: JsonRpcNotificationMessage(2.0, build/publishDiagnostics, {"textDocument":{"uri":"file:///C:/Users/daniy/Desktop/chiselll/src/main/scala/lab5/Router_packet.scala"},"buildTarget":{"uri":"file:/C:/Users/daniy/Desktop/chiselll/#root/Compile"},"diagnostics":[],"reset":true})[0m
[0m[[0m[0mdebug[0m] [0m[0mjsonRpcNotify: JsonRpcNotificationMessage(2.0, build/publishDiagnostics, {"textDocument":{"uri":"file:///C:/Users/daniy/Desktop/chiselll/src/main/scala/lab6/Ex1.scala"},"buildTarget":{"uri":"file:/C:/Users/daniy/Desktop/chiselll/#root/Compile"},"diagnostics":[],"reset":true})[0m
[0m[[0m[0mdebug[0m] [0m[0mjsonRpcNotify: JsonRpcNotificationMessage(2.0, build/publishDiagnostics, {"textDocument":{"uri":"file:///C:/Users/daniy/Desktop/chiselll/src/main/scala/lab1/ex1.scala"},"buildTarget":{"uri":"file:/C:/Users/daniy/Desktop/chiselll/#root/Compile"},"diagnostics":[],"reset":true})[0m
[0m[[0m[0mdebug[0m] [0m[0mjsonRpcNotify: JsonRpcNotificationMessage(2.0, build/publishDiagnostics, {"textDocument":{"uri":"file:///C:/Users/daniy/Desktop/chiselll/src/main/scala/gcd/DecoupledGCD.scala"},"buildTarget":{"uri":"file:/C:/Users/daniy/Desktop/chiselll/#root/Compile"},"diagnostics":[],"reset":true})[0m
[0m[[0m[0mdebug[0m] [0m[0mjsonRpcNotify: JsonRpcNotificationMessage(2.0, build/publishDiagnostics, {"textDocument":{"uri":"file:///C:/Users/daniy/Desktop/chiselll/src/main/scala/lab8/task1.scala"},"buildTarget":{"uri":"file:/C:/Users/daniy/Desktop/chiselll/#root/Compile"},"diagnostics":[],"reset":true})[0m
[0m[[0m[0mdebug[0m] [0m[0mjsonRpcNotify: JsonRpcNotificationMessage(2.0, build/publishDiagnostics, {"textDocument":{"uri":"file:///C:/Users/daniy/Desktop/chiselll/src/main/scala/lab3/ALU.scala"},"buildTarget":{"uri":"file:/C:/Users/daniy/Desktop/chiselll/#root/Compile"},"diagnostics":[],"reset":true})[0m
[0m[[0m[0mdebug[0m] [0m[0mjsonRpcNotify: JsonRpcNotificationMessage(2.0, build/publishDiagnostics, {"textDocument":{"uri":"file:///C:/Users/daniy/Desktop/chiselll/src/main/scala/lab4/ImmeUnit.scala"},"buildTarget":{"uri":"file:/C:/Users/daniy/Desktop/chiselll/#root/Compile"},"diagnostics":[],"reset":true})[0m
[0m[[0m[0mdebug[0m] [0m[0mjsonRpcNotify: JsonRpcNotificationMessage(2.0, build/publishDiagnostics, {"textDocument":{"uri":"file:///C:/Users/daniy/Desktop/chiselll/src/main/scala/lab3/extender.scala"},"buildTarget":{"uri":"file:/C:/Users/daniy/Desktop/chiselll/#root/Compile"},"diagnostics":[],"reset":true})[0m
[0m[[0m[0mdebug[0m] [0m[0mjsonRpcNotify: JsonRpcNotificationMessage(2.0, build/publishDiagnostics, {"textDocument":{"uri":"file:///C:/Users/daniy/Desktop/chiselll/src/main/scala/lab3/Decoder.scala"},"buildTarget":{"uri":"file:/C:/Users/daniy/Desktop/chiselll/#root/Compile"},"diagnostics":[],"reset":true})[0m
[0m[[0m[0mdebug[0m] [0m[0mjsonRpcNotify: JsonRpcNotificationMessage(2.0, build/publishDiagnostics, {"textDocument":{"uri":"file:///C:/Users/daniy/Desktop/chiselll/src/main/scala/lab7/Ex1.scala"},"buildTarget":{"uri":"file:/C:/Users/daniy/Desktop/chiselll/#root/Compile"},"diagnostics":[],"reset":true})[0m
[0m[[0m[0mdebug[0m] [0m[0mjsonRpcNotify: JsonRpcNotificationMessage(2.0, build/publishDiagnostics, {"textDocument":{"uri":"file:///C:/Users/daniy/Desktop/chiselll/src/main/scala/lab6/Ex4.scala"},"buildTarget":{"uri":"file:/C:/Users/daniy/Desktop/chiselll/#root/Compile"},"diagnostics":[],"reset":true})[0m
[0m[[0m[0mdebug[0m] [0m[0mjsonRpcNotify: JsonRpcNotificationMessage(2.0, build/publishDiagnostics, {"textDocument":{"uri":"file:///C:/Users/daniy/Desktop/chiselll/src/main/scala/lab2/ex1.scala"},"buildTarget":{"uri":"file:/C:/Users/daniy/Desktop/chiselll/#root/Compile"},"diagnostics":[],"reset":true})[0m
[0m[[0m[0mdebug[0m] [0m[0mjsonRpcNotify: JsonRpcNotificationMessage(2.0, build/publishDiagnostics, {"textDocument":{"uri":"file:///C:/Users/daniy/Desktop/chiselll/src/main/scala/lab2/ex3.scala"},"buildTarget":{"uri":"file:/C:/Users/daniy/Desktop/chiselll/#root/Compile"},"diagnostics":[],"reset":true})[0m
[0m[[0m[0mdebug[0m] [0m[0mjsonRpcNotify: JsonRpcNotificationMessage(2.0, build/publishDiagnostics, {"textDocument":{"uri":"file:///C:/Users/daniy/Desktop/chiselll/src/main/scala/lab8/ex2.scala"},"buildTarget":{"uri":"file:/C:/Users/daniy/Desktop/chiselll/#root/Compile"},"diagnostics":[],"reset":true})[0m
[0m[[0m[0mdebug[0m] [0m[0mjsonRpcNotify: JsonRpcNotificationMessage(2.0, build/taskFinish, {"taskId":{"id":"35","parents":[]},"eventTime":1636731214011,"message":"Compiled root","status":1,"dataKind":"compile-report","data":{"target":{"uri":"file:/C:/Users/daniy/Desktop/chiselll/#root/Compile"},"errors":0,"warnings":0,"time":31}})[0m
[0m[[0m[0mdebug[0m] [0m[0mjsonRpcNotify: JsonRpcNotificationMessage(2.0, build/taskStart, {"taskId":{"id":"36","parents":[]},"eventTime":1636731214027,"message":"Compiling root-test","dataKind":"compile-task","data":{"target":{"uri":"file:/C:/Users/daniy/Desktop/chiselll/#root/Test"}}})[0m
[0m[[0m[0mdebug[0m] [0m[0mjsonRpcNotify: JsonRpcNotificationMessage(2.0, build/publishDiagnostics, {"textDocument":{"uri":"file:///C:/Users/daniy/Desktop/chiselll/src/test/scala/lab7/Ex1Test.scala"},"buildTarget":{"uri":"file:/C:/Users/daniy/Desktop/chiselll/#root/Test"},"diagnostics":[],"reset":true})[0m
[0m[[0m[0mdebug[0m] [0m[0mjsonRpcNotify: JsonRpcNotificationMessage(2.0, build/publishDiagnostics, {"textDocument":{"uri":"file:///C:/Users/daniy/Desktop/chiselll/src/test/scala/lab5/exc3TEST.scala"},"buildTarget":{"uri":"file:/C:/Users/daniy/Desktop/chiselll/#root/Test"},"diagnostics":[],"reset":true})[0m
[0m[[0m[0mdebug[0m] [0m[0mjsonRpcNotify: JsonRpcNotificationMessage(2.0, build/publishDiagnostics, {"textDocument":{"uri":"file:///C:/Users/daniy/Desktop/chiselll/src/test/scala/lab4/RocketALuUNiTest.scala"},"buildTarget":{"uri":"file:/C:/Users/daniy/Desktop/chiselll/#root/Test"},"diagnostics":[{"range":{"start":{"line":36,"character":50},"end":{"line":36,"character":52}},"severity":2,"source":"sbt","message":"method >> in class Int is deprecated (since 2.12.7): shifting a value by a `Long` argument is deprecated (except when the value is a `Long`).\nCall `toInt` on the argument to maintain the current behavior and avoid the deprecation warning."}],"reset":true})[0m
[0m[[0m[0mdebug[0m] [0m[0mjsonRpcNotify: JsonRpcNotificationMessage(2.0, build/publishDiagnostics, {"textDocument":{"uri":"file:///C:/Users/daniy/Desktop/chiselll/src/test/scala/lab4/Imme_Unit_Test.scala"},"buildTarget":{"uri":"file:/C:/Users/daniy/Desktop/chiselll/#root/Test"},"diagnostics":[],"reset":true})[0m
[0m[[0m[0mdebug[0m] [0m[0mjsonRpcNotify: JsonRpcNotificationMessage(2.0, build/publishDiagnostics, {"textDocument":{"uri":"file:///C:/Users/daniy/Desktop/chiselll/src/test/scala/lab6/task2Test.scala"},"buildTarget":{"uri":"file:/C:/Users/daniy/Desktop/chiselll/#root/Test"},"diagnostics":[],"reset":true})[0m
[0m[[0m[0mdebug[0m] [0m[0mjsonRpcNotify: JsonRpcNotificationMessage(2.0, build/publishDiagnostics, {"textDocument":{"uri":"file:///C:/Users/daniy/Desktop/chiselll/src/test/scala/lab1/UpDownCounterTest.scala"},"buildTarget":{"uri":"file:/C:/Users/daniy/Desktop/chiselll/#root/Test"},"diagnostics":[],"reset":true})[0m
[0m[[0m[0mdebug[0m] [0m[0mjsonRpcNotify: JsonRpcNotificationMessage(2.0, build/publishDiagnostics, {"textDocument":{"uri":"file:///C:/Users/daniy/Desktop/chiselll/src/test/scala/lab5/Router_packet_Test.scala"},"buildTarget":{"uri":"file:/C:/Users/daniy/Desktop/chiselll/#root/Test"},"diagnostics":[],"reset":true})[0m
[0m[[0m[0mdebug[0m] [0m[0mjsonRpcNotify: JsonRpcNotificationMessage(2.0, build/publishDiagnostics, {"textDocument":{"uri":"file:///C:/Users/daniy/Desktop/chiselll/src/test/scala/lab3/Encoder4to2Test.scala"},"buildTarget":{"uri":"file:/C:/Users/daniy/Desktop/chiselll/#root/Test"},"diagnostics":[],"reset":true})[0m
[0m[[0m[0mdebug[0m] [0m[0mjsonRpcNotify: JsonRpcNotificationMessage(2.0, build/publishDiagnostics, {"textDocument":{"uri":"file:///C:/Users/daniy/Desktop/chiselll/src/test/scala/lab3/ALUTest.scala"},"buildTarget":{"uri":"file:/C:/Users/daniy/Desktop/chiselll/#root/Test"},"diagnostics":[],"reset":true})[0m
[0m[[0m[0mdebug[0m] [0m[0mjsonRpcNotify: JsonRpcNotificationMessage(2.0, build/publishDiagnostics, {"textDocument":{"uri":"file:///C:/Users/daniy/Desktop/chiselll/src/test/scala/lab3/testdecoder.scala"},"buildTarget":{"uri":"file:/C:/Users/daniy/Desktop/chiselll/#root/Test"},"diagnostics":[],"reset":true})[0m
[0m[[0m[0mdebug[0m] [0m[0mjsonRpcNotify: JsonRpcNotificationMessage(2.0, build/publishDiagnostics, {"textDocument":{"uri":"file:///C:/Users/daniy/Desktop/chiselll/src/test/scala/lab3/encodertest.scala"},"buildTarget":{"uri":"file:/C:/Users/daniy/Desktop/chiselll/#root/Test"},"diagnostics":[],"reset":true})[0m
[0m[[0m[0mdebug[0m] [0m[0mjsonRpcNotify: JsonRpcNotificationMessage(2.0, build/publishDiagnostics, {"textDocument":{"uri":"file:///C:/Users/daniy/Desktop/chiselll/src/test/scala/lab5/Adder_Param_Test.scala"},"buildTarget":{"uri":"file:/C:/Users/daniy/Desktop/chiselll/#root/Test"},"diagnostics":[],"reset":true})[0m
[0m[[0m[0mdebug[0m] [0m[0mjsonRpcNotify: JsonRpcNotificationMessage(2.0, build/publishDiagnostics, {"textDocument":{"uri":"file:///C:/Users/daniy/Desktop/chiselll/src/test/scala/lab2/task2test.scala"},"buildTarget":{"uri":"file:/C:/Users/daniy/Desktop/chiselll/#root/Test"},"diagnostics":[],"reset":true})[0m
[0m[[0m[0mdebug[0m] [0m[0mjsonRpcNotify: JsonRpcNotificationMessage(2.0, build/publishDiagnostics, {"textDocument":{"uri":"file:///C:/Users/daniy/Desktop/chiselll/src/test/scala/lab8/Task1Test.scala"},"buildTarget":{"uri":"file:/C:/Users/daniy/Desktop/chiselll/#root/Test"},"diagnostics":[],"reset":true})[0m
[0m[[0m[0mdebug[0m] [0m[0mjsonRpcNotify: JsonRpcNotificationMessage(2.0, build/publishDiagnostics, {"textDocument":{"uri":"file:///C:/Users/daniy/Desktop/chiselll/src/test/scala/lab3/BranchTest.scala"},"buildTarget":{"uri":"file:/C:/Users/daniy/Desktop/chiselll/#root/Test"},"diagnostics":[],"reset":true})[0m
[0m[[0m[0mdebug[0m] [0m[0mjsonRpcNotify: JsonRpcNotificationMessage(2.0, build/publishDiagnostics, {"textDocument":{"uri":"file:///C:/Users/daniy/Desktop/chiselll/src/test/scala/lab5/ALU_param_Test.scala"},"buildTarget":{"uri":"file:/C:/Users/daniy/Desktop/chiselll/#root/Test"},"diagnostics":[],"reset":true})[0m
[0m[[0m[0mdebug[0m] [0m[0mjsonRpcNotify: JsonRpcNotificationMessage(2.0, build/publishDiagnostics, {"textDocument":{"uri":"file:///C:/Users/daniy/Desktop/chiselll/src/test/scala/lab8/ex2test.scala"},"buildTarget":{"uri":"file:/C:/Users/daniy/Desktop/chiselll/#root/Test"},"diagnostics":[],"reset":true})[0m
[0m[[0m[0mdebug[0m] [0m[0mjsonRpcNotify: JsonRpcNotificationMessage(2.0, build/publishDiagnostics, {"textDocument":{"uri":"file:///C:/Users/daniy/Desktop/chiselll/src/test/scala/lab8/ex1Test.scala"},"buildTarget":{"uri":"file:/C:/Users/daniy/Desktop/chiselll/#root/Test"},"diagnostics":[],"reset":true})[0m
[0m[[0m[0mdebug[0m] [0m[0mjsonRpcNotify: JsonRpcNotificationMessage(2.0, build/publishDiagnostics, {"textDocument":{"uri":"file:///C:/Users/daniy/Desktop/chiselll/src/test/scala/lab6/task3.test.scala"},"buildTarget":{"uri":"file:/C:/Users/daniy/Desktop/chiselll/#root/Test"},"diagnostics":[],"reset":true})[0m
[0m[[0m[0mdebug[0m] [0m[0mjsonRpcNotify: JsonRpcNotificationMessage(2.0, build/publishDiagnostics, {"textDocument":{"uri":"file:///C:/Users/daniy/Desktop/chiselll/src/test/scala/lab4/Branch_unit_test.scala"},"buildTarget":{"uri":"file:/C:/Users/daniy/Desktop/chiselll/#root/Test"},"diagnostics":[],"reset":true})[0m
[0m[[0m[0mdebug[0m] [0m[0mjsonRpcNotify: JsonRpcNotificationMessage(2.0, build/publishDiagnostics, {"textDocument":{"uri":"file:///C:/Users/daniy/Desktop/chiselll/src/test/scala/lab2/ex2test.scala"},"buildTarget":{"uri":"file:/C:/Users/daniy/Desktop/chiselll/#root/Test"},"diagnostics":[],"reset":true})[0m
[0m[[0m[0mdebug[0m] [0m[0mjsonRpcNotify: JsonRpcNotificationMessage(2.0, build/publishDiagnostics, {"textDocument":{"uri":"file:///C:/Users/daniy/Desktop/chiselll/src/test/scala/lab3/bitextendertest.scala"},"buildTarget":{"uri":"file:/C:/Users/daniy/Desktop/chiselll/#root/Test"},"diagnostics":[],"reset":true})[0m
[0m[[0m[0mdebug[0m] [0m[0mjsonRpcNotify: JsonRpcNotificationMessage(2.0, build/publishDiagnostics, {"textDocument":{"uri":"file:///C:/Users/daniy/Desktop/chiselll/src/test/scala/lab6/Ex2Test.scala"},"buildTarget":{"uri":"file:/C:/Users/daniy/Desktop/chiselll/#root/Test"},"diagnostics":[],"reset":true})[0m
[0m[[0m[0mdebug[0m] [0m[0mjsonRpcNotify: JsonRpcNotificationMessage(2.0, build/publishDiagnostics, {"textDocument":{"uri":"file:///C:/Users/daniy/Desktop/chiselll/src/test/scala/lab3/extenderTest.scala"},"buildTarget":{"uri":"file:/C:/Users/daniy/Desktop/chiselll/#root/Test"},"diagnostics":[],"reset":true})[0m
[0m[[0m[0mdebug[0m] [0m[0mjsonRpcNotify: JsonRpcNotificationMessage(2.0, build/publishDiagnostics, {"textDocument":{"uri":"file:///C:/Users/daniy/Desktop/chiselll/src/test/scala/lab1/ex3test.scala"},"buildTarget":{"uri":"file:/C:/Users/daniy/Desktop/chiselll/#root/Test"},"diagnostics":[],"reset":true})[0m
[0m[[0m[0mdebug[0m] [0m[0mjsonRpcNotify: JsonRpcNotificationMessage(2.0, build/publishDiagnostics, {"textDocument":{"uri":"file:///C:/Users/daniy/Desktop/chiselll/src/test/scala/lab8/ex3test.scala"},"buildTarget":{"uri":"file:/C:/Users/daniy/Desktop/chiselll/#root/Test"},"diagnostics":[],"reset":true})[0m
[0m[[0m[0mdebug[0m] [0m[0mjsonRpcNotify: JsonRpcNotificationMessage(2.0, build/publishDiagnostics, {"textDocument":{"uri":"file:///C:/Users/daniy/Desktop/chiselll/src/test/scala/lab7/Task2Test.scala"},"buildTarget":{"uri":"file:/C:/Users/daniy/Desktop/chiselll/#root/Test"},"diagnostics":[],"reset":true})[0m
[0m[[0m[0mdebug[0m] [0m[0mjsonRpcNotify: JsonRpcNotificationMessage(2.0, build/publishDiagnostics, {"textDocument":{"uri":"file:///C:/Users/daniy/Desktop/chiselll/src/test/scala/lab6/Ex1Test.scala"},"buildTarget":{"uri":"file:/C:/Users/daniy/Desktop/chiselll/#root/Test"},"diagnostics":[],"reset":true})[0m
[0m[[0m[0mdebug[0m] [0m[0mjsonRpcNotify: JsonRpcNotificationMessage(2.0, build/publishDiagnostics, {"textDocument":{"uri":"file:///C:/Users/daniy/Desktop/chiselll/src/test/scala/lab6/Task4Test.scala"},"buildTarget":{"uri":"file:/C:/Users/daniy/Desktop/chiselll/#root/Test"},"diagnostics":[],"reset":true})[0m
[0m[[0m[0mdebug[0m] [0m[0mjsonRpcNotify: JsonRpcNotificationMessage(2.0, build/publishDiagnostics, {"textDocument":{"uri":"file:///C:/Users/daniy/Desktop/chiselll/src/test/scala/lab3/DecoderTest.scala"},"buildTarget":{"uri":"file:/C:/Users/daniy/Desktop/chiselll/#root/Test"},"diagnostics":[],"reset":true})[0m
[0m[[0m[0mdebug[0m] [0m[0mjsonRpcNotify: JsonRpcNotificationMessage(2.0, build/publishDiagnostics, {"textDocument":{"uri":"file:///C:/Users/daniy/Desktop/chiselll/src/test/scala/lab4/ALU_Unit_Test.scala"},"buildTarget":{"uri":"file:/C:/Users/daniy/Desktop/chiselll/#root/Test"},"diagnostics":[{"range":{"start":{"line":26,"character":29},"end":{"line":26,"character":30}},"severity":2,"source":"sbt","message":"match may not be exhaustive.\nIt would fail on the following inputs: Bool(), UInt()"}],"reset":true})[0m
[0m[[0m[0mdebug[0m] [0m[0mjsonRpcNotify: JsonRpcNotificationMessage(2.0, build/publishDiagnostics, {"textDocument":{"uri":"file:///C:/Users/daniy/Desktop/chiselll/src/test/scala/lab6/Ex4Test.scala"},"buildTarget":{"uri":"file:/C:/Users/daniy/Desktop/chiselll/#root/Test"},"diagnostics":[],"reset":true})[0m
[0m[[0m[0mdebug[0m] [0m[0mjsonRpcNotify: JsonRpcNotificationMessage(2.0, build/publishDiagnostics, {"textDocument":{"uri":"file:///C:/Users/daniy/Desktop/chiselll/src/test/scala/lab2/ex3test.scala"},"buildTarget":{"uri":"file:/C:/Users/daniy/Desktop/chiselll/#root/Test"},"diagnostics":[],"reset":true})[0m
[0m[[0m[0mdebug[0m] [0m[0mjsonRpcNotify: JsonRpcNotificationMessage(2.0, build/publishDiagnostics, {"textDocument":{"uri":"file:///C:/Users/daniy/Desktop/chiselll/src/test/scala/lab2/task1test.scala"},"buildTarget":{"uri":"file:/C:/Users/daniy/Desktop/chiselll/#root/Test"},"diagnostics":[],"reset":true})[0m
[0m[[0m[0mdebug[0m] [0m[0mjsonRpcNotify: JsonRpcNotificationMessage(2.0, build/publishDiagnostics, {"textDocument":{"uri":"file:///C:/Users/daniy/Desktop/chiselll/src/test/scala/lab1/ex1test.scala"},"buildTarget":{"uri":"file:/C:/Users/daniy/Desktop/chiselll/#root/Test"},"diagnostics":[],"reset":true})[0m
[0m[[0m[0mdebug[0m] [0m[0mjsonRpcNotify: JsonRpcNotificationMessage(2.0, build/publishDiagnostics, {"textDocument":{"uri":"file:///C:/Users/daniy/Desktop/chiselll/src/test/scala/lab2/ex1test.scala"},"buildTarget":{"uri":"file:/C:/Users/daniy/Desktop/chiselll/#root/Test"},"diagnostics":[],"reset":true})[0m
[0m[[0m[0mdebug[0m] [0m[0mjsonRpcNotify: JsonRpcNotificationMessage(2.0, build/publishDiagnostics, {"textDocument":{"uri":"file:///C:/Users/daniy/Desktop/chiselll/src/test/scala/gcd/GCDSpec.scala"},"buildTarget":{"uri":"file:/C:/Users/daniy/Desktop/chiselll/#root/Test"},"diagnostics":[],"reset":true})[0m
[0m[[0m[0mdebug[0m] [0m[0mjsonRpcNotify: JsonRpcNotificationMessage(2.0, build/publishDiagnostics, {"textDocument":{"uri":"file:///C:/Users/daniy/Desktop/chiselll/src/test/scala/lab1/ex2test.scala"},"buildTarget":{"uri":"file:/C:/Users/daniy/Desktop/chiselll/#root/Test"},"diagnostics":[],"reset":true})[0m
[0m[[0m[0mdebug[0m] [0m[0mjsonRpcNotify: JsonRpcNotificationMessage(2.0, build/publishDiagnostics, {"textDocument":{"uri":"file:///C:/Users/daniy/Desktop/chiselll/src/test/scala/lab7/Task1Test.scala"},"buildTarget":{"uri":"file:/C:/Users/daniy/Desktop/chiselll/#root/Test"},"diagnostics":[],"reset":true})[0m
[0m[[0m[0mdebug[0m] [0m[0mjsonRpcNotify: JsonRpcNotificationMessage(2.0, build/publishDiagnostics, {"textDocument":{"uri":"file:///C:/Users/daniy/Desktop/chiselll/src/test/scala/lab5/Mux_Param_Test.scala"},"buildTarget":{"uri":"file:/C:/Users/daniy/Desktop/chiselll/#root/Test"},"diagnostics":[],"reset":true})[0m
[0m[[0m[0mdebug[0m] [0m[0mjsonRpcNotify: JsonRpcNotificationMessage(2.0, build/taskFinish, {"taskId":{"id":"36","parents":[]},"eventTime":1636731214042,"message":"Compiled root-test","status":1,"dataKind":"compile-report","data":{"target":{"uri":"file:/C:/Users/daniy/Desktop/chiselll/#root/Test"},"errors":0,"warnings":2,"time":15}})[0m
[0m[[0m[0minfo[0m] [0m[0m[32mbitextendertest:[0m[0m
[0m[[0m[0minfo[0m] [0m[0m[32m- BitExtender[0m[0m
[0m[[0m[0mdebug[0m] [0m[0mjsonRpcNotify: JsonRpcNotificationMessage(2.0, build/logMessage, {"type":3,"message":"\u001b[32mbitextendertest:\u001b[0m"})[0m
[0m[[0m[0mdebug[0m] [0m[0mjsonRpcNotify: JsonRpcNotificationMessage(2.0, build/logMessage, {"type":3,"message":"\u001b[32m- BitExtender\u001b[0m"})[0m
[0m[[0m[0minfo[0m] [0m[0m[32mDeoder_Valid_Test:[0m[0m
[0m[[0m[0mdebug[0m] [0m[0mjsonRpcNotify: JsonRpcNotificationMessage(2.0, build/logMessage, {"type":3,"message":"\u001b[32mDeoder_Valid_Test:\u001b[0m"})[0m
[0m[[0m[0minfo[0m] [0m[0m[32m- Decoder[0m[0m
[0m[[0m[0mdebug[0m] [0m[0mjsonRpcNotify: JsonRpcNotificationMessage(2.0, build/logMessage, {"type":3,"message":"\u001b[32m- Decoder\u001b[0m"})[0m
[0m[[0m[0minfo[0m] [0m[0m[32mEncoder4to2_Test:[0m[0m
[0m[[0m[0mdebug[0m] [0m[0mjsonRpcNotify: JsonRpcNotificationMessage(2.0, build/logMessage, {"type":3,"message":"\u001b[32mEncoder4to2_Test:\u001b[0m"})[0m
[0m[[0m[0minfo[0m] [0m[0m[32m- maja agya 2.0[0m[0m
[0m[[0m[0mdebug[0m] [0m[0mjsonRpcNotify: JsonRpcNotificationMessage(2.0, build/logMessage, {"type":3,"message":"\u001b[32m- maja agya 2.0\u001b[0m"})[0m
[0m[[0m[0minfo[0m] [0m[0m[32mencodertest:[0m[0m
[0m[[0m[0minfo[0m] [0m[0m[32m- encode[0m[0m
[0m[[0m[0mdebug[0m] [0m[0mjsonRpcNotify: JsonRpcNotificationMessage(2.0, build/logMessage, {"type":3,"message":"\u001b[32mencodertest:\u001b[0m"})[0m
[0m[[0m[0mdebug[0m] [0m[0mjsonRpcNotify: JsonRpcNotificationMessage(2.0, build/logMessage, {"type":3,"message":"\u001b[32m- encode\u001b[0m"})[0m
[0m[[0m[0minfo[0m] [0m[0m[32mmemorytest:[0m[0m
[0m[[0m[0mdebug[0m] [0m[0mjsonRpcNotify: JsonRpcNotificationMessage(2.0, build/logMessage, {"type":3,"message":"\u001b[32mmemorytest:\u001b[0m"})[0m
[0m[[0m[0minfo[0m] [0m[0m[31m- Mem1 lab8 *** FAILED ***[0m[0m
[0m[[0m[0mdebug[0m] [0m[0mjsonRpcNotify: JsonRpcNotificationMessage(2.0, build/logMessage, {"type":3,"message":"\u001b[31m- Mem1 lab8 *** FAILED ***\u001b[0m"})[0m
[0m[[0m[0minfo[0m] [0m[0m[31m  java.io.FileNotFoundException: C:\Users\zeeshan khan\Downloads\Scala-Chisel-Learning-Journey-main\Scala-Chisel-Learning-Journey-main\src\main\inst.txt (The system cannot find the path specified)[0m[0m
[0m[[0m[0mdebug[0m] [0m[0mjsonRpcNotify: JsonRpcNotificationMessage(2.0, build/logMessage, {"type":3,"message":"\u001b[31m  java.io.FileNotFoundException: C:\\Users\\zeeshan khan\\Downloads\\Scala-Chisel-Learning-Journey-main\\Scala-Chisel-Learning-Journey-main\\src\\main\\inst.txt (The system cannot find the path specified)\u001b[0m"})[0m
[0m[[0m[0minfo[0m] [0m[0m[31m  at java.base/java.io.FileInputStream.open0(Native Method)[0m[0m
[0m[[0m[0mdebug[0m] [0m[0mjsonRpcNotify: JsonRpcNotificationMessage(2.0, build/logMessage, {"type":3,"message":"\u001b[31m  at java.base/java.io.FileInputStream.open0(Native Method)\u001b[0m"})[0m
[0m[[0m[0minfo[0m] [0m[0m[31m  at java.base/java.io.FileInputStream.open(FileInputStream.java:216)[0m[0m
[0m[[0m[0mdebug[0m] [0m[0mjsonRpcNotify: JsonRpcNotificationMessage(2.0, build/logMessage, {"type":3,"message":"\u001b[31m  at java.base/java.io.FileInputStream.open(FileInputStream.java:216)\u001b[0m"})[0m
[0m[[0m[0minfo[0m] [0m[0m[31m  at java.base/java.io.FileInputStream.<init>(FileInputStream.java:157)[0m[0m
[0m[[0m[0mdebug[0m] [0m[0mjsonRpcNotify: JsonRpcNotificationMessage(2.0, build/logMessage, {"type":3,"message":"\u001b[31m  at java.base/java.io.FileInputStream.<init>(FileInputStream.java:157)\u001b[0m"})[0m
[0m[[0m[0minfo[0m] [0m[0m[31m  at scala.io.Source$.fromFile(Source.scala:94)[0m[0m
[0m[[0m[0mdebug[0m] [0m[0mjsonRpcNotify: JsonRpcNotificationMessage(2.0, build/logMessage, {"type":3,"message":"\u001b[31m  at scala.io.Source$.fromFile(Source.scala:94)\u001b[0m"})[0m
[0m[[0m[0minfo[0m] [0m[0m[31m  at scala.io.Source$.fromFile(Source.scala:79)[0m[0m
[0m[[0m[0mdebug[0m] [0m[0mjsonRpcNotify: JsonRpcNotificationMessage(2.0, build/logMessage, {"type":3,"message":"\u001b[31m  at scala.io.Source$.fromFile(Source.scala:79)\u001b[0m"})[0m
[0m[[0m[0minfo[0m] [0m[0m[31m  at firrtl.FileUtils$.getLines(FileUtils.scala:110)[0m[0m
[0m[[0m[0mdebug[0m] [0m[0mjsonRpcNotify: JsonRpcNotificationMessage(2.0, build/logMessage, {"type":3,"message":"\u001b[31m  at firrtl.FileUtils$.getLines(FileUtils.scala:110)\u001b[0m"})[0m
[0m[[0m[0minfo[0m] [0m[0m[31m  at firrtl.FileUtils$.getLines(FileUtils.scala:102)[0m[0m
[0m[[0m[0mdebug[0m] [0m[0mjsonRpcNotify: JsonRpcNotificationMessage(2.0, build/logMessage, {"type":3,"message":"\u001b[31m  at firrtl.FileUtils$.getLines(FileUtils.scala:102)\u001b[0m"})[0m
[0m[[0m[0minfo[0m] [0m[0m[31m  at treadle.executable.MemoryInitializer.doInitialize(Memory.scala:665)[0m[0m
[0m[[0m[0mdebug[0m] [0m[0mjsonRpcNotify: JsonRpcNotificationMessage(2.0, build/logMessage, {"type":3,"message":"\u001b[31m  at treadle.executable.MemoryInitializer.doInitialize(Memory.scala:665)\u001b[0m"})[0m
[0m[[0m[0minfo[0m] [0m[0m[31m  at treadle.executable.MemoryInitializer.$anonfun$initializeMemoriesFromFiles$1(Memory.scala:681)[0m[0m
[0m[[0m[0mdebug[0m] [0m[0mjsonRpcNotify: JsonRpcNotificationMessage(2.0, build/logMessage, {"type":3,"message":"\u001b[31m  at treadle.executable.MemoryInitializer.$anonfun$initializeMemoriesFromFiles$1(Memory.scala:681)\u001b[0m"})[0m
[0m[[0m[0minfo[0m] [0m[0m[31m  at treadle.executable.MemoryInitializer.$anonfun$initializeMemoriesFromFiles$1$adapted(Memory.scala:680)[0m[0m
[0m[[0m[0mdebug[0m] [0m[0mjsonRpcNotify: JsonRpcNotificationMessage(2.0, build/logMessage, {"type":3,"message":"\u001b[31m  at treadle.executable.MemoryInitializer.$anonfun$initializeMemoriesFromFiles$1$adapted(Memory.scala:680)\u001b[0m"})[0m
[0m[[0m[0minfo[0m] [0m[0m[31m  ...[0m[0m
[0m[[0m[0mdebug[0m] [0m[0mjsonRpcNotify: JsonRpcNotificationMessage(2.0, build/logMessage, {"type":3,"message":"\u001b[31m  ...\u001b[0m"})[0m
[0m[[0m[0minfo[0m] [0m[0m[32mlab7Test:[0m[0m
[0m[[0m[0mdebug[0m] [0m[0mjsonRpcNotify: JsonRpcNotificationMessage(2.0, build/logMessage, {"type":3,"message":"\u001b[32mlab7Test:\u001b[0m"})[0m
[0m[[0m[0minfo[0m] [0m[0m[32m- lab7 state machine[0m[0m
[0m[[0m[0mdebug[0m] [0m[0mjsonRpcNotify: JsonRpcNotificationMessage(2.0, build/logMessage, {"type":3,"message":"\u001b[32m- lab7 state machine\u001b[0m"})[0m
[0m[[0m[0minfo[0m] [0m[0m[32mcounter_with_xor_test:[0m[0m
[0m[[0m[0mdebug[0m] [0m[0mjsonRpcNotify: JsonRpcNotificationMessage(2.0, build/logMessage, {"type":3,"message":"\u001b[32mcounter_with_xor_test:\u001b[0m"})[0m
[0m[[0m[0minfo[0m] [0m[0m[32m- lab66[0m[0m
[0m[[0m[0mdebug[0m] [0m[0mjsonRpcNotify: JsonRpcNotificationMessage(2.0, build/logMessage, {"type":3,"message":"\u001b[32m- lab66\u001b[0m"})[0m
[0m[[0m[0minfo[0m] [0m[0m[32mAlu_Paraa_Test:[0m[0m
[0m[[0m[0minfo[0m] [0m[0m[32m- ALUpara[0m[0m
[0m[[0m[0mdebug[0m] [0m[0mjsonRpcNotify: JsonRpcNotificationMessage(2.0, build/logMessage, {"type":3,"message":"\u001b[32mAlu_Paraa_Test:\u001b[0m"})[0m
[0m[[0m[0mdebug[0m] [0m[0mjsonRpcNotify: JsonRpcNotificationMessage(2.0, build/logMessage, {"type":3,"message":"\u001b[32m- ALUpara\u001b[0m"})[0m
[0m[[0m[0minfo[0m] [0m[0m[32mMy_Queue_Test:[0m[0m
[0m[[0m[0mdebug[0m] [0m[0mjsonRpcNotify: JsonRpcNotificationMessage(2.0, build/logMessage, {"type":3,"message":"\u001b[32mMy_Queue_Test:\u001b[0m"})[0m
[0m[[0m[0minfo[0m] [0m[0m[32m- lab6task4[0m[0m
[0m[[0m[0mdebug[0m] [0m[0mjsonRpcNotify: JsonRpcNotificationMessage(2.0, build/logMessage, {"type":3,"message":"\u001b[32m- lab6task4\u001b[0m"})[0m
[0m[[0m[0minfo[0m] [0m[0m[32mTest_ALU:[0m[0m
[0m[[0m[0minfo[0m] [0m[0m[32m- ALU__Test[0m[0m
[0m[[0m[0mdebug[0m] [0m[0mjsonRpcNotify: JsonRpcNotificationMessage(2.0, build/logMessage, {"type":3,"message":"\u001b[32mTest_ALU:\u001b[0m"})[0m
[0m[[0m[0mdebug[0m] [0m[0mjsonRpcNotify: JsonRpcNotificationMessage(2.0, build/logMessage, {"type":3,"message":"\u001b[32m- ALU__Test\u001b[0m"})[0m
[0m[[0m[0minfo[0m] [0m[0m[32mTest_Roxket_ALU:[0m[0m
[0m[[0m[0minfo[0m] [0m[0m[32m- ALUTest[0m[0m
[0m[[0m[0mdebug[0m] [0m[0mjsonRpcNotify: JsonRpcNotificationMessage(2.0, build/logMessage, {"type":3,"message":"\u001b[32mTest_Roxket_ALU:\u001b[0m"})[0m
[0m[[0m[0mdebug[0m] [0m[0mjsonRpcNotify: JsonRpcNotificationMessage(2.0, build/logMessage, {"type":3,"message":"\u001b[32m- ALUTest\u001b[0m"})[0m
[0m[[0m[0minfo[0m] [0m[0m[32mtask1test:[0m[0m
[0m[[0m[0mdebug[0m] [0m[0mjsonRpcNotify: JsonRpcNotificationMessage(2.0, build/logMessage, {"type":3,"message":"\u001b[32mtask1test:\u001b[0m"})[0m
[0m[[0m[0minfo[0m] [0m[0m[32m- some test[0m[0m
[0m[[0m[0mdebug[0m] [0m[0mjsonRpcNotify: JsonRpcNotificationMessage(2.0, build/logMessage, {"type":3,"message":"\u001b[32m- some test\u001b[0m"})[0m
[0m[[0m[0minfo[0m] [0m[0m[32mmemory_assignment_Test:[0m[0m
[0m[[0m[0minfo[0m] [0m[0m[32m- Arbitor Memory1[0m[0m
[0m[[0m[0mdebug[0m] [0m[0mjsonRpcNotify: JsonRpcNotificationMessage(2.0, build/logMessage, {"type":3,"message":"\u001b[32mmemory_assignment_Test:\u001b[0m"})[0m
[0m[[0m[0mdebug[0m] [0m[0mjsonRpcNotify: JsonRpcNotificationMessage(2.0, build/logMessage, {"type":3,"message":"\u001b[32m- Arbitor Memory1\u001b[0m"})[0m
[0m[[0m[0minfo[0m] [0m[0m[32mOperatortest:[0m[0m
[0m[[0m[0minfo[0m] [0m[0m[32m- Operator tEST[0m[0m
[0m[[0m[0mdebug[0m] [0m[0mjsonRpcNotify: JsonRpcNotificationMessage(2.0, build/logMessage, {"type":3,"message":"\u001b[32mOperatortest:\u001b[0m"})[0m
[0m[[0m[0mdebug[0m] [0m[0mjsonRpcNotify: JsonRpcNotificationMessage(2.0, build/logMessage, {"type":3,"message":"\u001b[32m- Operator tEST\u001b[0m"})[0m
[0m[[0m[0minfo[0m] [0m[0m[32mex3test:[0m[0m
[0m[[0m[0mdebug[0m] [0m[0mjsonRpcNotify: JsonRpcNotificationMessage(2.0, build/logMessage, {"type":3,"message":"\u001b[32mex3test:\u001b[0m"})[0m
[0m[[0m[0minfo[0m] [0m[0m[32m- some test[0m[0m
[0m[[0m[0mdebug[0m] [0m[0mjsonRpcNotify: JsonRpcNotificationMessage(2.0, build/logMessage, {"type":3,"message":"\u001b[32m- some test\u001b[0m"})[0m
[0m[[0m[0minfo[0m] [0m[0m[32mBranchCtrltest:[0m[0m
[0m[[0m[0mdebug[0m] [0m[0mjsonRpcNotify: JsonRpcNotificationMessage(2.0, build/logMessage, {"type":3,"message":"\u001b[32mBranchCtrltest:\u001b[0m"})[0m
[0m[[0m[0minfo[0m] [0m[0m[32m- Branching [0m[0m
[0m[[0m[0mdebug[0m] [0m[0mjsonRpcNotify: JsonRpcNotificationMessage(2.0, build/logMessage, {"type":3,"message":"\u001b[32m- Branching \u001b[0m"})[0m
[0m[[0m[0minfo[0m] [0m[0m[32mCountTest1:[0m[0m
[0m[[0m[0mdebug[0m] [0m[0mjsonRpcNotify: JsonRpcNotificationMessage(2.0, build/logMessage, {"type":3,"message":"\u001b[32mCountTest1:\u001b[0m"})[0m
[0m[[0m[0minfo[0m] [0m[0m[32m- CounterTest test[0m[0m
[0m[[0m[0mdebug[0m] [0m[0mjsonRpcNotify: JsonRpcNotificationMessage(2.0, build/logMessage, {"type":3,"message":"\u001b[32m- CounterTest test\u001b[0m"})[0m
[0m[[0m[0minfo[0m] [0m[0m[32mGCDSpec:[0m[0m
[0m[[0m[0minfo[0m] [0m[0m[32m- Gcd should calculate proper greatest common denominator[0m[0m
[0m[[0m[0mdebug[0m] [0m[0mjsonRpcNotify: JsonRpcNotificationMessage(2.0, build/logMessage, {"type":3,"message":"\u001b[32mGCDSpec:\u001b[0m"})[0m
[0m[[0m[0mdebug[0m] [0m[0mjsonRpcNotify: JsonRpcNotificationMessage(2.0, build/logMessage, {"type":3,"message":"\u001b[32m- Gcd should calculate proper greatest common denominator\u001b[0m"})[0m
[0m[[0m[0minfo[0m] [0m[0m[32mMux_PAra_Test:[0m[0m
[0m[[0m[0mdebug[0m] [0m[0mjsonRpcNotify: JsonRpcNotificationMessage(2.0, build/logMessage, {"type":3,"message":"\u001b[32mMux_PAra_Test:\u001b[0m"})[0m
[0m[[0m[0minfo[0m] [0m[0m[32m- Muxpara[0m[0m
[0m[[0m[0mdebug[0m] [0m[0mjsonRpcNotify: JsonRpcNotificationMessage(2.0, build/logMessage, {"type":3,"message":"\u001b[32m- Muxpara\u001b[0m"})[0m
[0m[[0m[0minfo[0m] [0m[0m[32mshift_register_Test:[0m[0m
[0m[[0m[0minfo[0m] [0m[0m[32m- lab66[0m[0m
[0m[[0m[0mdebug[0m] [0m[0mjsonRpcNotify: JsonRpcNotificationMessage(2.0, build/logMessage, {"type":3,"message":"\u001b[32mshift_register_Test:\u001b[0m"})[0m
[0m[[0m[0mdebug[0m] [0m[0mjsonRpcNotify: JsonRpcNotificationMessage(2.0, build/logMessage, {"type":3,"message":"\u001b[32m- lab66\u001b[0m"})[0m
[0m[[0m[0minfo[0m] [0m[0m[32mAdder_param_Test:[0m[0m
[0m[[0m[0minfo[0m] [0m[0m[32m- Adder_param[0m[0m
[0m[[0m[0mdebug[0m] [0m[0mjsonRpcNotify: JsonRpcNotificationMessage(2.0, build/logMessage, {"type":3,"message":"\u001b[32mAdder_param_Test:\u001b[0m"})[0m
[0m[[0m[0mdebug[0m] [0m[0mjsonRpcNotify: JsonRpcNotificationMessage(2.0, build/logMessage, {"type":3,"message":"\u001b[32m- Adder_param\u001b[0m"})[0m
[0m[[0m[0minfo[0m] [0m[0m[32mgen_counterTest:[0m[0m
[0m[[0m[0minfo[0m] [0m[0m[32m- Ex 3[0m[0m
[0m[[0m[0mdebug[0m] [0m[0mjsonRpcNotify: JsonRpcNotificationMessage(2.0, build/logMessage, {"type":3,"message":"\u001b[32mgen_counterTest:\u001b[0m"})[0m
[0m[[0m[0mdebug[0m] [0m[0mjsonRpcNotify: JsonRpcNotificationMessage(2.0, build/logMessage, {"type":3,"message":"\u001b[32m- Ex 3\u001b[0m"})[0m
[0m[[0m[0minfo[0m] [0m[0m[32mRouter_Pack_Test:[0m[0m
[0m[[0m[0minfo[0m] [0m[0m[32m- Router_Parameter[0m[0m
[0m[[0m[0mdebug[0m] [0m[0mjsonRpcNotify: JsonRpcNotificationMessage(2.0, build/logMessage, {"type":3,"message":"\u001b[32mRouter_Pack_Test:\u001b[0m"})[0m
[0m[[0m[0mdebug[0m] [0m[0mjsonRpcNotify: JsonRpcNotificationMessage(2.0, build/logMessage, {"type":3,"message":"\u001b[32m- Router_Parameter\u001b[0m"})[0m
[0m[[0m[0minfo[0m] [0m[0m[32mMux_2to1_IO_test:[0m[0m
[0m[[0m[0mdebug[0m] [0m[0mjsonRpcNotify: JsonRpcNotificationMessage(2.0, build/logMessage, {"type":3,"message":"\u001b[32mMux_2to1_IO_test:\u001b[0m"})[0m
[0m[[0m[0minfo[0m] [0m[0m[32m- Multiplexer[0m[0m
[0m[[0m[0mdebug[0m] [0m[0mjsonRpcNotify: JsonRpcNotificationMessage(2.0, build/logMessage, {"type":3,"message":"\u001b[32m- Multiplexer\u001b[0m"})[0m
[0m[[0m[0minfo[0m] [0m[0m[32mWMaskedReadWriteSmemtest:[0m[0m
[0m[[0m[0minfo[0m] [0m[0m[32m- Mem1 lab8[0m[0m
[0m[[0m[0mdebug[0m] [0m[0mjsonRpcNotify: JsonRpcNotificationMessage(2.0, build/logMessage, {"type":3,"message":"\u001b[32mWMaskedReadWriteSmemtest:\u001b[0m"})[0m
[0m[[0m[0mdebug[0m] [0m[0mjsonRpcNotify: JsonRpcNotificationMessage(2.0, build/logMessage, {"type":3,"message":"\u001b[32m- Mem1 lab8\u001b[0m"})[0m
[0m[[0m[0minfo[0m] [0m[0m[32mshift_reg_with_parallel_load_Test:[0m[0m
[0m[[0m[0minfo[0m] [0m[0m[32m- lab66[0m[0m
[0m[[0m[0mdebug[0m] [0m[0mjsonRpcNotify: JsonRpcNotificationMessage(2.0, build/logMessage, {"type":3,"message":"\u001b[32mshift_reg_with_parallel_load_Test:\u001b[0m"})[0m
[0m[[0m[0minfo[0m] [0m[0m[32mCountTest:[0m[0m
[0m[[0m[0mdebug[0m] [0m[0mjsonRpcNotify: JsonRpcNotificationMessage(2.0, build/logMessage, {"type":3,"message":"\u001b[32m- lab66\u001b[0m"})[0m
[0m[[0m[0minfo[0m] [0m[0m[32m- CounterTest test[0m[0m
[0m[[0m[0mdebug[0m] [0m[0mjsonRpcNotify: JsonRpcNotificationMessage(2.0, build/logMessage, {"type":3,"message":"\u001b[32mCountTest:\u001b[0m"})[0m
[0m[[0m[0mdebug[0m] [0m[0mjsonRpcNotify: JsonRpcNotificationMessage(2.0, build/logMessage, {"type":3,"message":"\u001b[32m- CounterTest test\u001b[0m"})[0m
[0m[[0m[0minfo[0m] [0m[0m[32mExtenderTest:[0m[0m
[0m[[0m[0minfo[0m] [0m[0m[32m- BitExtender[0m[0m
[0m[[0m[0mdebug[0m] [0m[0mjsonRpcNotify: JsonRpcNotificationMessage(2.0, build/logMessage, {"type":3,"message":"\u001b[32mExtenderTest:\u001b[0m"})[0m
[0m[[0m[0mdebug[0m] [0m[0mjsonRpcNotify: JsonRpcNotificationMessage(2.0, build/logMessage, {"type":3,"message":"\u001b[32m- BitExtender\u001b[0m"})[0m
[0m[[0m[0minfo[0m] [0m[0m[32mtask2test:[0m[0m
[0m[[0m[0minfo[0m] [0m[0m[32m- some test[0m[0m
[0m[[0m[0mdebug[0m] [0m[0mjsonRpcNotify: JsonRpcNotificationMessage(2.0, build/logMessage, {"type":3,"message":"\u001b[32mtask2test:\u001b[0m"})[0m
[0m[[0m[0mdebug[0m] [0m[0mjsonRpcNotify: JsonRpcNotificationMessage(2.0, build/logMessage, {"type":3,"message":"\u001b[32m- some test\u001b[0m"})[0m
[0m[[0m[0minfo[0m] [0m[0m[32mex2test:[0m[0m
[0m[[0m[0minfo[0m] [0m[0m[32m- some test[0m[0m
[0m[[0m[0mdebug[0m] [0m[0mjsonRpcNotify: JsonRpcNotificationMessage(2.0, build/logMessage, {"type":3,"message":"\u001b[32mex2test:\u001b[0m"})[0m
[0m[[0m[0mdebug[0m] [0m[0mjsonRpcNotify: JsonRpcNotificationMessage(2.0, build/logMessage, {"type":3,"message":"\u001b[32m- some test\u001b[0m"})[0m
[0m[[0m[0minfo[0m] [0m[0m[32mdoForwardingTest:[0m[0m
[0m[[0m[0mdebug[0m] [0m[0mjsonRpcNotify: JsonRpcNotificationMessage(2.0, build/logMessage, {"type":3,"message":"\u001b[32mdoForwardingTest:\u001b[0m"})[0m
[0m[[0m[0minfo[0m] [0m[0m[32m- Mem1 lab8[0m[0m
[0m[[0m[0mdebug[0m] [0m[0mjsonRpcNotify: JsonRpcNotificationMessage(2.0, build/logMessage, {"type":3,"message":"\u001b[32m- Mem1 lab8\u001b[0m"})[0m
[0m[[0m[0minfo[0m] [0m[0m[32mCountTest2:[0m[0m
[0m[[0m[0minfo[0m] [0m[0m[32m- c ounter_up_down test[0m[0m
[0m[[0m[0mdebug[0m] [0m[0mjsonRpcNotify: JsonRpcNotificationMessage(2.0, build/logMessage, {"type":3,"message":"\u001b[32mCountTest2:\u001b[0m"})[0m
[0m[[0m[0mdebug[0m] [0m[0mjsonRpcNotify: JsonRpcNotificationMessage(2.0, build/logMessage, {"type":3,"message":"\u001b[32m- c ounter_up_down test\u001b[0m"})[0m
[0m[[0m[0minfo[0m] [0m[0m[32mbranchtest:[0m[0m
[0m[[0m[0minfo[0m] [0m[0m[32m- ALU[0m[0m
[0m[[0m[0mdebug[0m] [0m[0mjsonRpcNotify: JsonRpcNotificationMessage(2.0, build/logMessage, {"type":3,"message":"\u001b[32mbranchtest:\u001b[0m"})[0m
[0m[[0m[0mdebug[0m] [0m[0mjsonRpcNotify: JsonRpcNotificationMessage(2.0, build/logMessage, {"type":3,"message":"\u001b[32m- ALU\u001b[0m"})[0m
[0m[[0m[0minfo[0m] [0m[0m[32mALUtest:[0m[0m
[0m[[0m[0mdebug[0m] [0m[0mjsonRpcNotify: JsonRpcNotificationMessage(2.0, build/logMessage, {"type":3,"message":"\u001b[32mALUtest:\u001b[0m"})[0m
[0m[[0m[0minfo[0m] [0m[0m[32m- ALU[0m[0m
[0m[[0m[0mdebug[0m] [0m[0mjsonRpcNotify: JsonRpcNotificationMessage(2.0, build/logMessage, {"type":3,"message":"\u001b[32m- ALU\u001b[0m"})[0m
[0m[[0m[0minfo[0m] [0m[0m[32mtestdecoder:[0m[0m
[0m[[0m[0mdebug[0m] [0m[0mjsonRpcNotify: JsonRpcNotificationMessage(2.0, build/logMessage, {"type":3,"message":"\u001b[32mtestdecoder:\u001b[0m"})[0m
[0m[[0m[0minfo[0m] [0m[0m[32m- decode[0m[0m
[0m[[0m[0mdebug[0m] [0m[0mjsonRpcNotify: JsonRpcNotificationMessage(2.0, build/logMessage, {"type":3,"message":"\u001b[32m- decode\u001b[0m"})[0m
[0m[[0m[0minfo[0m] [0m[0m[32mup_down_counter_Test:[0m[0m
[0m[[0m[0minfo[0m] [0m[0m[32m- lab6task4[0m[0m
[0m[[0m[0mdebug[0m] [0m[0mjsonRpcNotify: JsonRpcNotificationMessage(2.0, build/logMessage, {"type":3,"message":"\u001b[32mup_down_counter_Test:\u001b[0m"})[0m
[0m[[0m[0mdebug[0m] [0m[0mjsonRpcNotify: JsonRpcNotificationMessage(2.0, build/logMessage, {"type":3,"message":"\u001b[32m- lab6task4\u001b[0m"})[0m
[0m[[0m[0minfo[0m] [0m[0m[32mlab7Task2Test:[0m[0m
[0m[[0m[0minfo[0m] [0m[0m[32m- manchester wave[0m[0m
[0m[[0m[0mdebug[0m] [0m[0mjsonRpcNotify: JsonRpcNotificationMessage(2.0, build/logMessage, {"type":3,"message":"\u001b[32mlab7Task2Test:\u001b[0m"})[0m
[0m[[0m[0mdebug[0m] [0m[0mjsonRpcNotify: JsonRpcNotificationMessage(2.0, build/logMessage, {"type":3,"message":"\u001b[32m- manchester wave\u001b[0m"})[0m
[0m[[0m[0minfo[0m] [0m[0m[32mCounterTest:[0m[0m
[0m[[0m[0minfo[0m] [0m[0m[32m- lab6[0m[0m
[0m[[0m[0mdebug[0m] [0m[0mjsonRpcNotify: JsonRpcNotificationMessage(2.0, build/logMessage, {"type":3,"message":"\u001b[32mCounterTest:\u001b[0m"})[0m
[0m[[0m[0mdebug[0m] [0m[0mjsonRpcNotify: JsonRpcNotificationMessage(2.0, build/logMessage, {"type":3,"message":"\u001b[32m- lab6\u001b[0m"})[0m
[0m[[0m[0minfo[0m] [0m[0m[32mImmGentest:[0m[0m
[0m[[0m[0minfo[0m] [0m[0m[32m- Imm.Gen [0m[0m
[0m[[0m[0mdebug[0m] [0m[0mjsonRpcNotify: JsonRpcNotificationMessage(2.0, build/logMessage, {"type":3,"message":"\u001b[32mImmGentest:\u001b[0m"})[0m
[0m[[0m[0mdebug[0m] [0m[0mjsonRpcNotify: JsonRpcNotificationMessage(2.0, build/logMessage, {"type":3,"message":"\u001b[32m- Imm.Gen \u001b[0m"})[0m
[0m[[0m[0minfo[0m] [0m[0m[36mRun completed in 17 seconds, 961 milliseconds.[0m[0m
[0m[[0m[0minfo[0m] [0m[0m[36mTotal number of tests run: 39[0m[0m
[0m[[0m[0minfo[0m] [0m[0m[36mSuites: completed 39, aborted 0[0m[0m
[0m[[0m[0minfo[0m] [0m[0m[36mTests: succeeded 38, failed 1, canceled 0, ignored 0, pending 0[0m[0m
[0m[[0m[0minfo[0m] [0m[0m[31m*** 1 TEST FAILED ***[0m[0m
[0m[[0m[0mdebug[0m] [0m[0mjsonRpcNotify: JsonRpcNotificationMessage(2.0, build/logMessage, {"type":3,"message":"\u001b[36mRun completed in 17 seconds, 961 milliseconds.\u001b[0m\n\u001b[36mTotal number of tests run: 39\u001b[0m\n\u001b[36mSuites: completed 39, aborted 0\u001b[0m\n\u001b[36mTests: succeeded 38, failed 1, canceled 0, ignored 0, pending 0\u001b[0m\n\u001b[31m*** 1 TEST FAILED ***\u001b[0m"})[0m
[0m[[0m[31merror[0m] [0m[0mFailed tests:[0m
[0m[[0m[0mdebug[0m] [0m[0mjsonRpcNotify: JsonRpcNotificationMessage(2.0, build/logMessage, {"type":1,"message":"Failed tests:"})[0m
[0m[[0m[31merror[0m] [0m[0m	lab8.memorytest[0m
[0m[[0m[0mdebug[0m] [0m[0mjsonRpcNotify: JsonRpcNotificationMessage(2.0, build/logMessage, {"type":1,"message":"\tlab8.memorytest"})[0m
[0m[[0m[31merror[0m] [0m[0m(Test / [31mtest[0m) sbt.TestsFailedException: Tests unsuccessful[0m
[0m[[0m[0mdebug[0m] [0m[0mjsonRpcNotify: JsonRpcNotificationMessage(2.0, build/logMessage, {"type":1,"message":"(Test / \u001b[31mtest\u001b[0m) sbt.TestsFailedException: Tests unsuccessful"})[0m
[0m[[0m[31merror[0m] [0m[0mTotal time: 18 s, completed Nov 12, 2021, 8:33:52 PM[0m
[0m[[0m[0mdebug[0m] [0m[0m> Exec(shell, None, None)[0m
[0m[[0m[0mdebug[0m] [0m[0mUnhandled notification received: textDocument/didClose: JsonRpcNotificationMessage(2.0, textDocument/didClose, {"textDocument":{"uri":"file:///c%3A/Users/daniy/Desktop/chiselll/src/test/scala/lab8/ex1Test.scala"}})[0m
[0m[[0m[0mdebug[0m] [0m[0mUnhandled notification received: textDocument/didOpen: JsonRpcNotificationMessage(2.0, textDocument/didOpen, {"textDocument":{"uri":"file:///c%3A/Users/daniy/Desktop/chiselll/src/main/scala/lab8/ex1.scala","languageId":"scala","version":1,"text":"package lab8\r\nimport chisel3 . _\r\nimport chisel3 .util. _\r\n\r\nclass WMaskedReadWriteSmem extends Module {\r\n    val width : Int = 32\r\n    val io = IO ( new Bundle {\r\n        val enable = Input ( Bool () )\r\n        val write = Input ( Bool () )\r\n        val addr = Input ( UInt (10. W ) )\r\n        val mask = Input ( UInt (2. W ) )\r\n        val dataIn = Input (UInt ( width . W )) \r\n        val dataOut = Output (UInt ( width . W )) \r\n    })\r\n    // Create a 32 - bit wide memory that is byte - masked\r\n    val mem = SyncReadMem (1024 , UInt ( width . W ) )\r\n    // Write with mask\r\n    mem . write ( io . addr , io . dataIn)\r\n    switch(io.mask){\r\n        is(1.U){\r\n            mem . write ( io . addr , io . dataIn(7,0))\r\n        }\r\n        is(2.U){\r\n            mem . write ( io . addr , io . dataIn(15,0))\r\n        }\r\n    }\r\n\r\n\r\n    io . dataOut := mem . read ( io . addr , io . enable )\r\n}"}})[0m
[0m[[0m[0mdebug[0m] [0m[0mForcing garbage collection...[0m
