[0m[[0m[0mdebug[0m] [0m[0m> Exec(;Test/compile; collectAnalyses, None, Some(CommandSource(network-1)))[0m
[0m[[0m[0mdebug[0m] [0m[0mjsonRpcNotify: JsonRpcNotificationMessage(2.0, build/logMessage, {"type":4,"message":"Processing"})[0m
[0m[[0m[0mdebug[0m] [0m[0mjsonRpcNotify: JsonRpcNotificationMessage(2.0, build/logMessage, {"type":4,"message":"Done"})[0m
[0m[[0m[0mdebug[0m] [0m[0m> Exec(Test/compile, None, Some(CommandSource(network-1)))[0m
[0m[[0m[0mdebug[0m] [0m[0mjsonRpcNotify: JsonRpcNotificationMessage(2.0, build/logMessage, {"type":4,"message":"Processing"})[0m
[0m[[0m[0mdebug[0m] [0m[0mEvaluating tasks: Test / compile[0m
[0m[[0m[0mdebug[0m] [0m[0mRunning task... Cancel: Signal, check cycles: false, forcegc: true[0m
[0m[[0m[0mdebug[0m] [0m[0mjsonRpcNotify: JsonRpcNotificationMessage(2.0, build/taskStart, {"taskId":{"id":"256","parents":[]},"eventTime":1635493590408,"message":"Compiling root","dataKind":"compile-task","data":{"target":{"uri":"file:/C:/Users/daniy/Downloads/Scala-Chisel-Learning-Journey-main/Scala-Chisel-Learning-Journey-main/#root/Compile"}}})[0m
[0m[[0m[0minfo[0m] [0m[0mcompiling 1 Scala source to C:\Users\daniy\Downloads\Scala-Chisel-Learning-Journey-main\Scala-Chisel-Learning-Journey-main\target\scala-2.12\classes ...[0m
[0m[[0m[0mdebug[0m] [0m[0mjsonRpcNotify: JsonRpcNotificationMessage(2.0, build/logMessage, {"type":3,"message":"compiling 1 Scala source to C:\\Users\\daniy\\Downloads\\Scala-Chisel-Learning-Journey-main\\Scala-Chisel-Learning-Journey-main\\target\\scala-2.12\\classes ..."})[0m
[0m[[0m[0mdebug[0m] [0m[0mjsonRpcNotify: JsonRpcNotificationMessage(2.0, build/publishDiagnostics, {"textDocument":{"uri":"file:///C:/Users/daniy/Downloads/Scala-Chisel-Learning-Journey-main/Scala-Chisel-Learning-Journey-main/src/main/scala/practice/And.scala"},"buildTarget":{"uri":"file:/C:/Users/daniy/Downloads/Scala-Chisel-Learning-Journey-main/Scala-Chisel-Learning-Journey-main/#root/Compile"},"diagnostics":[],"reset":true})[0m
[0m[[0m[0mdebug[0m] [0m[0mjsonRpcNotify: JsonRpcNotificationMessage(2.0, build/publishDiagnostics, {"textDocument":{"uri":"file:///C:/Users/daniy/Downloads/Scala-Chisel-Learning-Journey-main/Scala-Chisel-Learning-Journey-main/src/main/scala/gcd/GCD.scala"},"buildTarget":{"uri":"file:/C:/Users/daniy/Downloads/Scala-Chisel-Learning-Journey-main/Scala-Chisel-Learning-Journey-main/#root/Compile"},"diagnostics":[],"reset":true})[0m
[0m[[0m[0mdebug[0m] [0m[0mjsonRpcNotify: JsonRpcNotificationMessage(2.0, build/publishDiagnostics, {"textDocument":{"uri":"file:///C:/Users/daniy/Downloads/Scala-Chisel-Learning-Journey-main/Scala-Chisel-Learning-Journey-main/src/main/scala/practice/lab6.scala"},"buildTarget":{"uri":"file:/C:/Users/daniy/Downloads/Scala-Chisel-Learning-Journey-main/Scala-Chisel-Learning-Journey-main/#root/Compile"},"diagnostics":[],"reset":true})[0m
[0m[[0m[0mdebug[0m] [0m[0mjsonRpcNotify: JsonRpcNotificationMessage(2.0, build/publishDiagnostics, {"textDocument":{"uri":"file:///C:/Users/daniy/Downloads/Scala-Chisel-Learning-Journey-main/Scala-Chisel-Learning-Journey-main/src/main/scala/gcd/DecoupledGCD.scala"},"buildTarget":{"uri":"file:/C:/Users/daniy/Downloads/Scala-Chisel-Learning-Journey-main/Scala-Chisel-Learning-Journey-main/#root/Compile"},"diagnostics":[],"reset":true})[0m
[0m[[0m[0mdebug[0m] [0m[0mjsonRpcNotify: JsonRpcNotificationMessage(2.0, build/publishDiagnostics, {"textDocument":{"uri":"file:///C:/Users/daniy/Downloads/Scala-Chisel-Learning-Journey-main/Scala-Chisel-Learning-Journey-main/src/main/scala/practice/buggedAlu.scala"},"buildTarget":{"uri":"file:/C:/Users/daniy/Downloads/Scala-Chisel-Learning-Journey-main/Scala-Chisel-Learning-Journey-main/#root/Compile"},"diagnostics":[],"reset":true})[0m
[0m[[0m[0mdebug[0m] [0m[0mjsonRpcNotify: JsonRpcNotificationMessage(2.0, build/publishDiagnostics, {"textDocument":{"uri":"file:///C:/Users/daniy/Downloads/Scala-Chisel-Learning-Journey-main/Scala-Chisel-Learning-Journey-main/src/main/scala/practice/lab5.scala"},"buildTarget":{"uri":"file:/C:/Users/daniy/Downloads/Scala-Chisel-Learning-Journey-main/Scala-Chisel-Learning-Journey-main/#root/Compile"},"diagnostics":[{"range":{"start":{"line":0,"character":0},"end":{"line":0,"character":1}},"severity":3,"source":"sbt","message":"\nFound names but no class, trait or object is defined in the compilation unit.\nThe incremental compiler cannot record the dependency information in such case.\nSome errors like unused import referring to a non-existent class might not be reported.\n    "}],"reset":true})[0m
[0m[[0m[0mdebug[0m] [0m[0mjsonRpcNotify: JsonRpcNotificationMessage(2.0, build/publishDiagnostics, {"textDocument":{"uri":"file:///C:/Users/daniy/Downloads/Scala-Chisel-Learning-Journey-main/Scala-Chisel-Learning-Journey-main/src/main/scala/practice/alu.scala"},"buildTarget":{"uri":"file:/C:/Users/daniy/Downloads/Scala-Chisel-Learning-Journey-main/Scala-Chisel-Learning-Journey-main/#root/Compile"},"diagnostics":[],"reset":true})[0m
[0m[[0m[0mdebug[0m] [0m[0mjsonRpcNotify: JsonRpcNotificationMessage(2.0, build/taskFinish, {"taskId":{"id":"256","parents":[]},"eventTime":1635493590680,"message":"Compiled root","status":1,"dataKind":"compile-report","data":{"target":{"uri":"file:/C:/Users/daniy/Downloads/Scala-Chisel-Learning-Journey-main/Scala-Chisel-Learning-Journey-main/#root/Compile"},"errors":0,"warnings":0,"time":272}})[0m
[0m[[0m[0mdebug[0m] [0m[0mjsonRpcNotify: JsonRpcNotificationMessage(2.0, build/taskStart, {"taskId":{"id":"257","parents":[]},"eventTime":1635493590692,"message":"Compiling root-test","dataKind":"compile-task","data":{"target":{"uri":"file:/C:/Users/daniy/Downloads/Scala-Chisel-Learning-Journey-main/Scala-Chisel-Learning-Journey-main/#root/Test"}}})[0m
[0m[[0m[0minfo[0m] [0m[0mcompiling 1 Scala source to C:\Users\daniy\Downloads\Scala-Chisel-Learning-Journey-main\Scala-Chisel-Learning-Journey-main\target\scala-2.12\test-classes ...[0m
[0m[[0m[0mdebug[0m] [0m[0mjsonRpcNotify: JsonRpcNotificationMessage(2.0, build/logMessage, {"type":3,"message":"compiling 1 Scala source to C:\\Users\\daniy\\Downloads\\Scala-Chisel-Learning-Journey-main\\Scala-Chisel-Learning-Journey-main\\target\\scala-2.12\\test-classes ..."})[0m
[0m[[0m[0mdebug[0m] [0m[0mjsonRpcNotify: JsonRpcNotificationMessage(2.0, build/publishDiagnostics, {"textDocument":{"uri":"file:///C:/Users/daniy/Downloads/Scala-Chisel-Learning-Journey-main/Scala-Chisel-Learning-Journey-main/src/test/scala/practice/TestALU.scala"},"buildTarget":{"uri":"file:/C:/Users/daniy/Downloads/Scala-Chisel-Learning-Journey-main/Scala-Chisel-Learning-Journey-main/#root/Test"},"diagnostics":[],"reset":true})[0m
[0m[[0m[0mdebug[0m] [0m[0mjsonRpcNotify: JsonRpcNotificationMessage(2.0, build/publishDiagnostics, {"textDocument":{"uri":"file:///C:/Users/daniy/Downloads/Scala-Chisel-Learning-Journey-main/Scala-Chisel-Learning-Journey-main/src/test/scala/practice/lab5test.scala"},"buildTarget":{"uri":"file:/C:/Users/daniy/Downloads/Scala-Chisel-Learning-Journey-main/Scala-Chisel-Learning-Journey-main/#root/Test"},"diagnostics":[],"reset":true})[0m
[0m[[0m[0mdebug[0m] [0m[0mjsonRpcNotify: JsonRpcNotificationMessage(2.0, build/publishDiagnostics, {"textDocument":{"uri":"file:///C:/Users/daniy/Downloads/Scala-Chisel-Learning-Journey-main/Scala-Chisel-Learning-Journey-main/src/test/scala/practice/Andtest.scala"},"buildTarget":{"uri":"file:/C:/Users/daniy/Downloads/Scala-Chisel-Learning-Journey-main/Scala-Chisel-Learning-Journey-main/#root/Test"},"diagnostics":[],"reset":true})[0m
[0m[[0m[0mdebug[0m] [0m[0mjsonRpcNotify: JsonRpcNotificationMessage(2.0, build/publishDiagnostics, {"textDocument":{"uri":"file:///C:/Users/daniy/Downloads/Scala-Chisel-Learning-Journey-main/Scala-Chisel-Learning-Journey-main/src/test/scala/practice/lab6test.scala"},"buildTarget":{"uri":"file:/C:/Users/daniy/Downloads/Scala-Chisel-Learning-Journey-main/Scala-Chisel-Learning-Journey-main/#root/Test"},"diagnostics":[],"reset":true})[0m
[0m[[0m[0mdebug[0m] [0m[0mjsonRpcNotify: JsonRpcNotificationMessage(2.0, build/publishDiagnostics, {"textDocument":{"uri":"file:///C:/Users/daniy/Downloads/Scala-Chisel-Learning-Journey-main/Scala-Chisel-Learning-Journey-main/src/test/scala/practice/buggedAlutest.scala"},"buildTarget":{"uri":"file:/C:/Users/daniy/Downloads/Scala-Chisel-Learning-Journey-main/Scala-Chisel-Learning-Journey-main/#root/Test"},"diagnostics":[],"reset":true})[0m
[0m[[0m[0mdebug[0m] [0m[0mjsonRpcNotify: JsonRpcNotificationMessage(2.0, build/publishDiagnostics, {"textDocument":{"uri":"file:///C:/Users/daniy/Downloads/Scala-Chisel-Learning-Journey-main/Scala-Chisel-Learning-Journey-main/src/test/scala/gcd/GCDSpec.scala"},"buildTarget":{"uri":"file:/C:/Users/daniy/Downloads/Scala-Chisel-Learning-Journey-main/Scala-Chisel-Learning-Journey-main/#root/Test"},"diagnostics":[],"reset":true})[0m
[0m[[0m[0mdebug[0m] [0m[0mjsonRpcNotify: JsonRpcNotificationMessage(2.0, build/taskFinish, {"taskId":{"id":"257","parents":[]},"eventTime":1635493590976,"message":"Compiled root-test","status":1,"dataKind":"compile-report","data":{"target":{"uri":"file:/C:/Users/daniy/Downloads/Scala-Chisel-Learning-Journey-main/Scala-Chisel-Learning-Journey-main/#root/Test"},"errors":0,"warnings":0,"time":284}})[0m
[0m[[0m[32msuccess[0m] [0m[0mTotal time: 1 s, completed Oct 29, 2021, 12:46:31 PM[0m
[0m[[0m[0mdebug[0m] [0m[0mjsonRpcNotify: JsonRpcNotificationMessage(2.0, build/logMessage, {"type":4,"message":"Done"})[0m
[0m[[0m[0mdebug[0m] [0m[0m> Exec(collectAnalyses, None, Some(CommandSource(network-1)))[0m
[0m[[0m[0mdebug[0m] [0m[0mjsonRpcNotify: JsonRpcNotificationMessage(2.0, build/logMessage, {"type":4,"message":"Processing"})[0m
[0m[[0m[0mdebug[0m] [0m[0mEvaluating tasks: Compile / collectAnalyses[0m
[0m[[0m[0mdebug[0m] [0m[0mRunning task... Cancel: Signal, check cycles: false, forcegc: true[0m
[0m[[0m[0mdebug[0m] [0m[0manalysis location (C:\Users\daniy\Downloads\Scala-Chisel-Learning-Journey-main\Scala-Chisel-Learning-Journey-main\target\scala-2.12\zinc\inc_compile_2.12.zip,true)[0m
[0m[[0m[32msuccess[0m] [0m[0mTotal time: 0 s, completed Oct 29, 2021, 12:46:31 PM[0m
[0m[[0m[0mdebug[0m] [0m[0mjsonRpcNotify: JsonRpcNotificationMessage(2.0, build/logMessage, {"type":4,"message":"Done"})[0m
[0m[[0m[0mdebug[0m] [0m[0m> Exec(shell, None, None)[0m
